VirtualBox 4.1.2_Ubuntu r38459 linux.amd64 (Nov  9 2012 17:52:17) release log
00:00:00.639 Log opened 2013-11-19T16:27:27.130488000Z
00:00:00.639 OS Product: Linux
00:00:00.639 OS Release: 3.0.0-32-generic
00:00:00.639 OS Version: #51-Ubuntu SMP Thu Mar 21 15:50:59 UTC 2013
00:00:00.639 DMI Product Name: BN405AV-ABA HPE-190t
00:00:00.639 DMI Product Version:  
00:00:00.640 Host RAM: 24154MB RAM, available: 23615MB
00:00:00.640 Executable: /usr/lib/virtualbox/VirtualBox
00:00:00.640 Process ID: 2525
00:00:00.640 Package type: LINUX_64BITS_GENERIC (OSE)
00:00:00.679 Installed Extension Packs:
00:00:00.679   None installed!
00:00:00.728 SUP: Loaded VMMR0.r0 (/usr/lib/virtualbox/VMMR0.r0) at 0xffffffffa0db6080 - ModuleInit at ffffffffa0dcb0a0 and ModuleTerm at ffffffffa0dcb130
00:00:00.728 SUP: VMMR0EntryEx located at ffffffffa0dcc2d0, VMMR0EntryFast at ffffffffa0dcc050 and VMMR0EntryInt at ffffffffa0dcc040
00:00:00.742 File system of '/home/gasster/VirtualBox VMs/qcs-vm5-07oct2013/Snapshots' (snapshots) is unknown
00:00:00.742 File system of '/home/gasster/VirtualBox VMs/qcs-vm5-07oct2013/qcs-vm5-07oct2013-disk1.vmdk' is ext4
00:00:00.793 VBoxSharedClipboard mode: Bidirectional
00:00:00.827 ************************* CFGM dump *************************
00:00:00.827 [/] (level 0)
00:00:00.827   CSAMEnabled     <integer> = 0x0000000000000001 (1)
00:00:00.827   CpuExecutionCap <integer> = 0x0000000000000064 (100)
00:00:00.827   EnablePAE       <integer> = 0x0000000000000000 (0)
00:00:00.827   HwVirtExtForced <integer> = 0x0000000000000001 (1)
00:00:00.827   MemBalloonSize  <integer> = 0x0000000000000000 (0)
00:00:00.827   Name            <string>  = "qcs-vm5-07oct2013" (cb=18)
00:00:00.827   NumCPUs         <integer> = 0x0000000000000001 (1)
00:00:00.827   PATMEnabled     <integer> = 0x0000000000000001 (1)
00:00:00.827   PageFusion      <integer> = 0x0000000000000000 (0)
00:00:00.827   RamHoleSize     <integer> = 0x0000000020000000 (536870912)
00:00:00.827   RamSize         <integer> = 0x0000000100000000 (4294967296)
00:00:00.827   RawR0Enabled    <integer> = 0x0000000000000001 (1)
00:00:00.827   RawR3Enabled    <integer> = 0x0000000000000001 (1)
00:00:00.827   TimerMillies    <integer> = 0x000000000000000a (10)
00:00:00.827   UUID            <bytes>   = "98 14 2f 5f 63 f5 6f 4b b2 a3 06 82 46 6e 41 58" (cb=16)
00:00:00.827 
00:00:00.827 [/CPUM/] (level 1)
00:00:00.827   SyntheticCpu <integer> = 0x0000000000000000 (0)
00:00:00.827 
00:00:00.827 [/Devices/] (level 1)
00:00:00.827 
00:00:00.827 [/Devices/8237A/] (level 2)
00:00:00.827 
00:00:00.827 [/Devices/8237A/0/] (level 3)
00:00:00.827   Trusted <integer> = 0x0000000000000001 (1)
00:00:00.827 
00:00:00.827 [/Devices/AudioSniffer/] (level 2)
00:00:00.827 
00:00:00.827 [/Devices/AudioSniffer/0/] (level 3)
00:00:00.827 
00:00:00.827 [/Devices/AudioSniffer/0/Config/] (level 4)
00:00:00.827 
00:00:00.827 [/Devices/AudioSniffer/0/LUN#0/] (level 4)
00:00:00.827   Driver <string>  = "MainAudioSniffer" (cb=17)
00:00:00.827 
00:00:00.827 [/Devices/AudioSniffer/0/LUN#0/Config/] (level 5)
00:00:00.827   Object <integer> = 0x0000000002431390 (37950352)
00:00:00.827 
00:00:00.827 [/Devices/VMMDev/] (level 2)
00:00:00.827 
00:00:00.827 [/Devices/VMMDev/0/] (level 3)
00:00:00.827   PCIBusNo      <integer> = 0x0000000000000000 (0)
00:00:00.827   PCIDeviceNo   <integer> = 0x0000000000000004 (4)
00:00:00.827   PCIFunctionNo <integer> = 0x0000000000000000 (0)
00:00:00.827   Trusted       <integer> = 0x0000000000000001 (1)
00:00:00.827 
00:00:00.827 [/Devices/VMMDev/0/Config/] (level 4)
00:00:00.827   GuestCoreDumpDir <string>  = "/home/gasster/VirtualBox VMs/qcs-vm5-07oct2013/Snapshots" (cb=57)
00:00:00.827   RamSize          <integer> = 0x0000000100000000 (4294967296)
00:00:00.827 
00:00:00.827 [/Devices/VMMDev/0/LUN#0/] (level 4)
00:00:00.827   Driver <string>  = "HGCM" (cb=5)
00:00:00.827 
00:00:00.827 [/Devices/VMMDev/0/LUN#0/Config/] (level 5)
00:00:00.827   Object <integer> = 0x0000000002655830 (40196144)
00:00:00.827 
00:00:00.827 [/Devices/VMMDev/0/LUN#999/] (level 4)
00:00:00.827   Driver <string>  = "MainStatus" (cb=11)
00:00:00.827 
00:00:00.827 [/Devices/VMMDev/0/LUN#999/Config/] (level 5)
00:00:00.827   First   <integer> = 0x0000000000000000 (0)
00:00:00.827   Last    <integer> = 0x0000000000000000 (0)
00:00:00.827   papLeds <integer> = 0x000000000243da10 (38001168)
00:00:00.827 
00:00:00.827 [/Devices/acpi/] (level 2)
00:00:00.827 
00:00:00.827 [/Devices/acpi/0/] (level 3)
00:00:00.827   PCIBusNo      <integer> = 0x0000000000000000 (0)
00:00:00.827   PCIDeviceNo   <integer> = 0x0000000000000007 (7)
00:00:00.827   PCIFunctionNo <integer> = 0x0000000000000000 (0)
00:00:00.827   Trusted       <integer> = 0x0000000000000001 (1)
00:00:00.827 
00:00:00.827 [/Devices/acpi/0/Config/] (level 4)
00:00:00.827   CpuHotPlug        <integer> = 0x0000000000000000 (0)
00:00:00.827   FdcEnabled        <integer> = 0x0000000000000000 (0)
00:00:00.827   HostBusPciAddress <integer> = 0x0000000000000000 (0)
00:00:00.827   HpetEnabled       <integer> = 0x0000000000000000 (0)
00:00:00.827   IOAPIC            <integer> = 0x0000000000000001 (1)
00:00:00.827   IocPciAddress     <integer> = 0x0000000000010000 (65536)
00:00:00.827   NumCPUs           <integer> = 0x0000000000000001 (1)
00:00:00.827   RamHoleSize       <integer> = 0x0000000020000000 (536870912)
00:00:00.827   RamSize           <integer> = 0x0000000100000000 (4294967296)
00:00:00.827   Serial0IoPortBase <integer> = 0x0000000000000000 (0)
00:00:00.827   Serial0Irq        <integer> = 0x0000000000000000 (0)
00:00:00.827   Serial1IoPortBase <integer> = 0x0000000000000000 (0)
00:00:00.827   Serial1Irq        <integer> = 0x0000000000000000 (0)
00:00:00.827   ShowCpu           <integer> = 0x0000000000000001 (1)
00:00:00.827   ShowRtc           <integer> = 0x0000000000000000 (0)
00:00:00.827   SmcEnabled        <integer> = 0x0000000000000000 (0)
00:00:00.827 
00:00:00.827 [/Devices/acpi/0/LUN#0/] (level 4)
00:00:00.827   Driver <string>  = "ACPIHost" (cb=9)
00:00:00.827 
00:00:00.827 [/Devices/acpi/0/LUN#0/Config/] (level 5)
00:00:00.827 
00:00:00.827 [/Devices/ahci/] (level 2)
00:00:00.827 
00:00:00.827 [/Devices/ahci/0/] (level 3)
00:00:00.827   PCIBusNo      <integer> = 0x0000000000000000 (0)
00:00:00.827   PCIDeviceNo   <integer> = 0x000000000000000d (13)
00:00:00.827   PCIFunctionNo <integer> = 0x0000000000000000 (0)
00:00:00.827   Trusted       <integer> = 0x0000000000000001 (1)
00:00:00.827 
00:00:00.827 [/Devices/ahci/0/Config/] (level 4)
00:00:00.827   Bootable        <integer> = 0x0000000000000001 (1)
00:00:00.827   PortCount       <integer> = 0x0000000000000002 (2)
00:00:00.827   PrimaryMaster   <integer> = 0x0000000000000000 (0)
00:00:00.827   PrimarySlave    <integer> = 0x0000000000000001 (1)
00:00:00.827   SecondaryMaster <integer> = 0x0000000000000002 (2)
00:00:00.827   SecondarySlave  <integer> = 0x0000000000000003 (3)
00:00:00.827 
00:00:00.827 [/Devices/ahci/0/Config/Port1/] (level 5)
00:00:00.827   NonRotationalMedium <integer> = 0x0000000000000000 (0)
00:00:00.827 
00:00:00.827 [/Devices/ahci/0/LUN#1/] (level 4)
00:00:00.827   Driver <string>  = "Block" (cb=6)
00:00:00.827 
00:00:00.827 [/Devices/ahci/0/LUN#1/AttachedDriver/] (level 5)
00:00:00.827   Driver <string>  = "VD" (cb=3)
00:00:00.827 
00:00:00.827 [/Devices/ahci/0/LUN#1/AttachedDriver/Config/] (level 6)
00:00:00.827   BlockCache <integer> = 0x0000000000000001 (1)
00:00:00.827   Format     <string>  = "VMDK" (cb=5)
00:00:00.827   Path       <string>  = "/home/gasster/VirtualBox VMs/qcs-vm5-07oct2013/qcs-vm5-07oct2013-disk1.vmdk" (cb=76)
00:00:00.827   Type       <string>  = "HardDisk" (cb=9)
00:00:00.827   UseNewIo   <integer> = 0x0000000000000001 (1)
00:00:00.827 
00:00:00.827 [/Devices/ahci/0/LUN#1/Config/] (level 5)
00:00:00.827   Mountable <integer> = 0x0000000000000000 (0)
00:00:00.827   Type      <string>  = "HardDisk" (cb=9)
00:00:00.827 
00:00:00.827 [/Devices/ahci/0/LUN#999/] (level 4)
00:00:00.827   Driver <string>  = "MainStatus" (cb=11)
00:00:00.827 
00:00:00.827 [/Devices/ahci/0/LUN#999/Config/] (level 5)
00:00:00.827   DeviceInstance        <string>  = "ahci/0" (cb=7)
00:00:00.827   First                 <integer> = 0x0000000000000000 (0)
00:00:00.827   Last                  <integer> = 0x0000000000000001 (1)
00:00:00.827   pConsole              <integer> = 0x000000000243d520 (37999904)
00:00:00.827   papLeds               <integer> = 0x000000000243d820 (38000672)
00:00:00.827   pmapMediumAttachments <integer> = 0x000000000243da28 (38001192)
00:00:00.827 
00:00:00.827 [/Devices/apic/] (level 2)
00:00:00.827 
00:00:00.827 [/Devices/apic/0/] (level 3)
00:00:00.827   Trusted <integer> = 0x0000000000000001 (1)
00:00:00.827 
00:00:00.827 [/Devices/apic/0/Config/] (level 4)
00:00:00.827   IOAPIC  <integer> = 0x0000000000000001 (1)
00:00:00.827   NumCPUs <integer> = 0x0000000000000001 (1)
00:00:00.827 
00:00:00.827 [/Devices/e1000/] (level 2)
00:00:00.827 
00:00:00.827 [/Devices/e1000/0/] (level 3)
00:00:00.827   PCIBusNo      <integer> = 0x0000000000000000 (0)
00:00:00.827   PCIDeviceNo   <integer> = 0x0000000000000003 (3)
00:00:00.827   PCIFunctionNo <integer> = 0x0000000000000000 (0)
00:00:00.827   Trusted       <integer> = 0x0000000000000001 (1)
00:00:00.827 
00:00:00.827 [/Devices/e1000/0/Config/] (level 4)
00:00:00.827   AdapterType    <integer> = 0x0000000000000000 (0)
00:00:00.827   CableConnected <integer> = 0x0000000000000001 (1)
00:00:00.827   LineSpeed      <integer> = 0x0000000000000000 (0)
00:00:00.827   MAC            <bytes>   = "08 00 27 42 75 ba" (cb=6)
00:00:00.827 
00:00:00.827 [/Devices/e1000/0/LUN#0/] (level 4)
00:00:00.827   Driver <string>  = "NAT" (cb=4)
00:00:00.827 
00:00:00.827 [/Devices/e1000/0/LUN#0/Config/] (level 5)
00:00:00.827   AliasMode       <integer> = 0x0000000000000000 (0)
00:00:00.827   BindIP          <string>  = "130.221.28.146" (cb=15)
00:00:00.827   BootFile        <string>  = "qcs-vm5-07oct2013.pxe" (cb=22)
00:00:00.827   DNSProxy        <integer> = 0x0000000000000000 (0)
00:00:00.827   Network         <string>  = "10.0.2.0/24" (cb=12)
00:00:00.827   PassDomain      <integer> = 0x0000000000000001 (1)
00:00:00.827   TFTPPrefix      <string>  = "/home/gasster/.VirtualBox/TFTP" (cb=31)
00:00:00.827   UseHostResolver <integer> = 0x0000000000000000 (0)
00:00:00.827 
00:00:00.827 [/Devices/e1000/0/LUN#999/] (level 4)
00:00:00.827   Driver <string>  = "MainStatus" (cb=11)
00:00:00.827 
00:00:00.827 [/Devices/e1000/0/LUN#999/Config/] (level 5)
00:00:00.827   First   <integer> = 0x0000000000000000 (0)
00:00:00.827   Last    <integer> = 0x0000000000000000 (0)
00:00:00.827   papLeds <integer> = 0x000000000243d9d0 (38001104)
00:00:00.827 
00:00:00.827 [/Devices/i8254/] (level 2)
00:00:00.827 
00:00:00.827 [/Devices/i8254/0/] (level 3)
00:00:00.827 
00:00:00.827 [/Devices/i8254/0/Config/] (level 4)
00:00:00.827 
00:00:00.827 [/Devices/i8259/] (level 2)
00:00:00.827 
00:00:00.827 [/Devices/i8259/0/] (level 3)
00:00:00.827   Trusted <integer> = 0x0000000000000001 (1)
00:00:00.827 
00:00:00.827 [/Devices/i8259/0/Config/] (level 4)
00:00:00.827 
00:00:00.827 [/Devices/ichac97/] (level 2)
00:00:00.827 
00:00:00.827 [/Devices/ichac97/0/] (level 3)
00:00:00.827   PCIBusNo      <integer> = 0x0000000000000000 (0)
00:00:00.827   PCIDeviceNo   <integer> = 0x0000000000000005 (5)
00:00:00.827   PCIFunctionNo <integer> = 0x0000000000000000 (0)
00:00:00.827   Trusted       <integer> = 0x0000000000000001 (1)
00:00:00.827 
00:00:00.827 [/Devices/ichac97/0/Config/] (level 4)
00:00:00.827 
00:00:00.827 [/Devices/ichac97/0/LUN#0/] (level 4)
00:00:00.827   Driver <string>  = "AUDIO" (cb=6)
00:00:00.827 
00:00:00.827 [/Devices/ichac97/0/LUN#0/Config/] (level 5)
00:00:00.827   AudioDriver <string>  = "alsa" (cb=5)
00:00:00.827   StreamName  <string>  = "qcs-vm5-07oct2013" (cb=18)
00:00:00.827 
00:00:00.827 [/Devices/ioapic/] (level 2)
00:00:00.827 
00:00:00.827 [/Devices/ioapic/0/] (level 3)
00:00:00.827   Trusted <integer> = 0x0000000000000001 (1)
00:00:00.827 
00:00:00.827 [/Devices/ioapic/0/Config/] (level 4)
00:00:00.827   NumCPUs <integer> = 0x0000000000000001 (1)
00:00:00.827 
00:00:00.827 [/Devices/mc146818/] (level 2)
00:00:00.827 
00:00:00.827 [/Devices/mc146818/0/] (level 3)
00:00:00.827 
00:00:00.827 [/Devices/mc146818/0/Config/] (level 4)
00:00:00.827   UseUTC <integer> = 0x0000000000000001 (1)
00:00:00.827 
00:00:00.827 [/Devices/parallel/] (level 2)
00:00:00.827 
00:00:00.827 [/Devices/pcarch/] (level 2)
00:00:00.827 
00:00:00.827 [/Devices/pcarch/0/] (level 3)
00:00:00.827   Trusted <integer> = 0x0000000000000001 (1)
00:00:00.827 
00:00:00.827 [/Devices/pcarch/0/Config/] (level 4)
00:00:00.827 
00:00:00.827 [/Devices/pcbios/] (level 2)
00:00:00.827 
00:00:00.827 [/Devices/pcbios/0/] (level 3)
00:00:00.827   Trusted <integer> = 0x0000000000000001 (1)
00:00:00.827 
00:00:00.827 [/Devices/pcbios/0/Config/] (level 4)
00:00:00.827   BootDevice0            <string>  = "FLOPPY" (cb=7)
00:00:00.827   BootDevice1            <string>  = "DVD" (cb=4)
00:00:00.827   BootDevice2            <string>  = "IDE" (cb=4)
00:00:00.827   BootDevice3            <string>  = "NONE" (cb=5)
00:00:00.827   FloppyDevice           <string>  = "i82078" (cb=7)
00:00:00.827   HardDiskDevice         <string>  = "piix3ide" (cb=9)
00:00:00.827   IOAPIC                 <integer> = 0x0000000000000001 (1)
00:00:00.827   McfgBase               <integer> = 0x0000000000000000 (0)
00:00:00.827   McfgLength             <integer> = 0x0000000000000000 (0)
00:00:00.827   NumCPUs                <integer> = 0x0000000000000001 (1)
00:00:00.827   PXEDebug               <integer> = 0x0000000000000000 (0)
00:00:00.827   RamHoleSize            <integer> = 0x0000000020000000 (536870912)
00:00:00.827   RamSize                <integer> = 0x0000000100000000 (4294967296)
00:00:00.827   SataHardDiskDevice     <string>  = "ahci" (cb=5)
00:00:00.827   SataPrimaryMasterLUN   <integer> = 0x0000000000000000 (0)
00:00:00.827   SataPrimarySlaveLUN    <integer> = 0x0000000000000001 (1)
00:00:00.827   SataSecondaryMasterLUN <integer> = 0x0000000000000002 (2)
00:00:00.827   SataSecondarySlaveLUN  <integer> = 0x0000000000000003 (3)
00:00:00.827   UUID                   <bytes>   = "98 14 2f 5f 63 f5 6f 4b b2 a3 06 82 46 6e 41 58" (cb=16)
00:00:00.827 
00:00:00.827 [/Devices/pcbios/0/Config/NetBoot/] (level 5)
00:00:00.827 
00:00:00.827 [/Devices/pcbios/0/Config/NetBoot/0/] (level 6)
00:00:00.827   NIC           <integer> = 0x0000000000000000 (0)
00:00:00.827   PCIBusNo      <integer> = 0x0000000000000000 (0)
00:00:00.827   PCIDeviceNo   <integer> = 0x0000000000000003 (3)
00:00:00.827   PCIFunctionNo <integer> = 0x0000000000000000 (0)
00:00:00.827 
00:00:00.827 [/Devices/pci/] (level 2)
00:00:00.827 
00:00:00.827 [/Devices/pci/0/] (level 3)
00:00:00.827   Trusted <integer> = 0x0000000000000001 (1)
00:00:00.827 
00:00:00.827 [/Devices/pci/0/Config/] (level 4)
00:00:00.827   IOAPIC <integer> = 0x0000000000000001 (1)
00:00:00.827 
00:00:00.827 [/Devices/pckbd/] (level 2)
00:00:00.827 
00:00:00.827 [/Devices/pckbd/0/] (level 3)
00:00:00.827   Trusted <integer> = 0x0000000000000001 (1)
00:00:00.827 
00:00:00.827 [/Devices/pckbd/0/Config/] (level 4)
00:00:00.827 
00:00:00.827 [/Devices/pckbd/0/LUN#0/] (level 4)
00:00:00.827   Driver <string>  = "KeyboardQueue" (cb=14)
00:00:00.827 
00:00:00.827 [/Devices/pckbd/0/LUN#0/AttachedDriver/] (level 5)
00:00:00.827   Driver <string>  = "MainKeyboard" (cb=13)
00:00:00.827 
00:00:00.827 [/Devices/pckbd/0/LUN#0/AttachedDriver/Config/] (level 6)
00:00:00.827   Object <integer> = 0x00000000024679f0 (38173168)
00:00:00.827 
00:00:00.827 [/Devices/pckbd/0/LUN#0/Config/] (level 5)
00:00:00.827   QueueSize <integer> = 0x0000000000000040 (64)
00:00:00.827 
00:00:00.827 [/Devices/pckbd/0/LUN#1/] (level 4)
00:00:00.827   Driver <string>  = "MouseQueue" (cb=11)
00:00:00.827 
00:00:00.827 [/Devices/pckbd/0/LUN#1/AttachedDriver/] (level 5)
00:00:00.827   Driver <string>  = "MainMouse" (cb=10)
00:00:00.827 
00:00:00.827 [/Devices/pckbd/0/LUN#1/AttachedDriver/Config/] (level 6)
00:00:00.827   Object <integer> = 0x000000000242fa70 (37943920)
00:00:00.827 
00:00:00.827 [/Devices/pckbd/0/LUN#1/Config/] (level 5)
00:00:00.827   QueueSize <integer> = 0x0000000000000080 (128)
00:00:00.827 
00:00:00.827 [/Devices/pcnet/] (level 2)
00:00:00.827 
00:00:00.827 [/Devices/piix3ide/] (level 2)
00:00:00.827 
00:00:00.827 [/Devices/piix3ide/0/] (level 3)
00:00:00.827   PCIBusNo      <integer> = 0x0000000000000000 (0)
00:00:00.827   PCIDeviceNo   <integer> = 0x0000000000000001 (1)
00:00:00.827   PCIFunctionNo <integer> = 0x0000000000000001 (1)
00:00:00.827   Trusted       <integer> = 0x0000000000000001 (1)
00:00:00.827 
00:00:00.827 [/Devices/piix3ide/0/Config/] (level 4)
00:00:00.827   Type <string>  = "PIIX4" (cb=6)
00:00:00.827 
00:00:00.827 [/Devices/piix3ide/0/Config/SecondaryMaster/] (level 5)
00:00:00.827   NonRotationalMedium <integer> = 0x0000000000000000 (0)
00:00:00.827 
00:00:00.827 [/Devices/piix3ide/0/LUN#2/] (level 4)
00:00:00.827   Driver <string>  = "Block" (cb=6)
00:00:00.827 
00:00:00.827 [/Devices/piix3ide/0/LUN#2/Config/] (level 5)
00:00:00.827   Mountable <integer> = 0x0000000000000001 (1)
00:00:00.827   Type      <string>  = "DVD" (cb=4)
00:00:00.827 
00:00:00.827 [/Devices/piix3ide/0/LUN#999/] (level 4)
00:00:00.827   Driver <string>  = "MainStatus" (cb=11)
00:00:00.827 
00:00:00.827 [/Devices/piix3ide/0/LUN#999/Config/] (level 5)
00:00:00.827   DeviceInstance        <string>  = "piix3ide/0" (cb=11)
00:00:00.827   First                 <integer> = 0x0000000000000000 (0)
00:00:00.827   Last                  <integer> = 0x0000000000000003 (3)
00:00:00.827   pConsole              <integer> = 0x000000000243d520 (37999904)
00:00:00.827   papLeds               <integer> = 0x000000000243d800 (38000640)
00:00:00.827   pmapMediumAttachments <integer> = 0x000000000243da28 (38001192)
00:00:00.827 
00:00:00.827 [/Devices/serial/] (level 2)
00:00:00.827 
00:00:00.827 [/Devices/usb-ohci/] (level 2)
00:00:00.827 
00:00:00.827 [/Devices/usb-ohci/0/] (level 3)
00:00:00.827   PCIBusNo      <integer> = 0x0000000000000000 (0)
00:00:00.827   PCIDeviceNo   <integer> = 0x0000000000000006 (6)
00:00:00.827   PCIFunctionNo <integer> = 0x0000000000000000 (0)
00:00:00.827   Trusted       <integer> = 0x0000000000000001 (1)
00:00:00.827 
00:00:00.827 [/Devices/usb-ohci/0/Config/] (level 4)
00:00:00.827 
00:00:00.827 [/Devices/usb-ohci/0/LUN#0/] (level 4)
00:00:00.827   Driver <string>  = "VUSBRootHub" (cb=12)
00:00:00.827 
00:00:00.827 [/Devices/usb-ohci/0/LUN#0/Config/] (level 5)
00:00:00.827 
00:00:00.827 [/Devices/usb-ohci/0/LUN#999/] (level 4)
00:00:00.827   Driver <string>  = "MainStatus" (cb=11)
00:00:00.827 
00:00:00.827 [/Devices/usb-ohci/0/LUN#999/Config/] (level 5)
00:00:00.827   First   <integer> = 0x0000000000000000 (0)
00:00:00.827   Last    <integer> = 0x0000000000000000 (0)
00:00:00.827   papLeds <integer> = 0x000000000243da18 (38001176)
00:00:00.827 
00:00:00.827 [/Devices/vga/] (level 2)
00:00:00.827 
00:00:00.827 [/Devices/vga/0/] (level 3)
00:00:00.827   PCIBusNo      <integer> = 0x0000000000000000 (0)
00:00:00.827   PCIDeviceNo   <integer> = 0x0000000000000002 (2)
00:00:00.827   PCIFunctionNo <integer> = 0x0000000000000000 (0)
00:00:00.827   Trusted       <integer> = 0x0000000000000001 (1)
00:00:00.827 
00:00:00.827 [/Devices/vga/0/Config/] (level 4)
00:00:00.827   CustomVideoModes <integer> = 0x0000000000000000 (0)
00:00:00.827   FadeIn           <integer> = 0x0000000000000001 (1)
00:00:00.827   FadeOut          <integer> = 0x0000000000000001 (1)
00:00:00.827   HeightReduction  <integer> = 0x0000000000000000 (0)
00:00:00.827   LogoFile         <string>  = "" (cb=1)
00:00:00.827   LogoTime         <integer> = 0x0000000000000000 (0)
00:00:00.827   MonitorCount     <integer> = 0x0000000000000001 (1)
00:00:00.827   ShowBootMenu     <integer> = 0x0000000000000002 (2)
00:00:00.827   VRamSize         <integer> = 0x0000000001800000 (25165824)
00:00:00.827 
00:00:00.827 [/Devices/vga/0/LUN#0/] (level 4)
00:00:00.827   Driver <string>  = "MainDisplay" (cb=12)
00:00:00.827 
00:00:00.827 [/Devices/vga/0/LUN#0/Config/] (level 5)
00:00:00.827   Object <integer> = 0x0000000002430200 (37945856)
00:00:00.827 
00:00:00.827 [/Devices/virtio-net/] (level 2)
00:00:00.827 
00:00:00.827 [/HWVirtExt/] (level 1)
00:00:00.827   64bitEnabled       <integer> = 0x0000000000000001 (1)
00:00:00.827   EnableLargePages   <integer> = 0x0000000000000000 (0)
00:00:00.827   EnableNestedPaging <integer> = 0x0000000000000001 (1)
00:00:00.827   EnableVPID         <integer> = 0x0000000000000001 (1)
00:00:00.827   Enabled            <integer> = 0x0000000000000001 (1)
00:00:00.827   Exclusive          <integer> = 0x0000000000000001 (1)
00:00:00.827 
00:00:00.827 [/MM/] (level 1)
00:00:00.827   CanUseLargerHeap <integer> = 0x0000000000000000 (0)
00:00:00.827 
00:00:00.827 [/PDM/] (level 1)
00:00:00.827 
00:00:00.827 [/PDM/AsyncCompletion/] (level 2)
00:00:00.827 
00:00:00.827 [/PDM/AsyncCompletion/File/] (level 3)
00:00:00.827 
00:00:00.827 [/PDM/AsyncCompletion/File/BwGroups/] (level 4)
00:00:00.827 
00:00:00.827 [/PDM/BlkCache/] (level 2)
00:00:00.827   CacheSize <integer> = 0x0000000000500000 (5242880)
00:00:00.827 
00:00:00.827 [/PDM/Devices/] (level 2)
00:00:00.827 
00:00:00.827 [/PDM/Drivers/] (level 2)
00:00:00.827 
00:00:00.827 [/PDM/Drivers/VBoxC/] (level 3)
00:00:00.827   Path <string>  = "/usr/lib/virtualbox/components/VBoxC" (cb=37)
00:00:00.827 
00:00:00.827 [/TM/] (level 1)
00:00:00.827   UTCOffset <integer> = 0x0000000000000000 (0)
00:00:00.827 
00:00:00.827 [/USB/] (level 1)
00:00:00.827 
00:00:00.827 [/USB/HidMouse/] (level 2)
00:00:00.827 
00:00:00.827 [/USB/HidMouse/0/] (level 3)
00:00:00.827 
00:00:00.827 [/USB/HidMouse/0/Config/] (level 4)
00:00:00.827   Absolute <integer> = 0x0000000000000001 (1)
00:00:00.827 
00:00:00.827 [/USB/HidMouse/0/LUN#0/] (level 4)
00:00:00.827   Driver <string>  = "MouseQueue" (cb=11)
00:00:00.827 
00:00:00.827 [/USB/HidMouse/0/LUN#0/AttachedDriver/] (level 5)
00:00:00.827   Driver <string>  = "MainMouse" (cb=10)
00:00:00.827 
00:00:00.827 [/USB/HidMouse/0/LUN#0/AttachedDriver/Config/] (level 6)
00:00:00.827   Object <integer> = 0x000000000242fa70 (37943920)
00:00:00.827 
00:00:00.827 [/USB/HidMouse/0/LUN#0/Config/] (level 5)
00:00:00.827   QueueSize <integer> = 0x0000000000000080 (128)
00:00:00.827 
00:00:00.827 [/USB/USBProxy/] (level 2)
00:00:00.827 
00:00:00.827 [/USB/USBProxy/GlobalConfig/] (level 3)
00:00:00.827 
00:00:00.827 ********************* End of CFGM dump **********************
00:00:00.828 MM: cbHyperHeap=0x100000 (1048576)
00:00:00.854 Your keyboard type does not appear to be known to VirtualBox. If
00:00:00.854 you would like to help us improve the product, please submit a bug
00:00:00.854 report, attach this logfile and provide information about what type
00:00:00.854 of keyboard you have and whether you are using a remote X server or
00:00:00.854 something similar.
00:00:00.854 
00:00:00.854 The tables for your keyboard are:
00:00:00.854 0x0, 0x0, 0x0, 0x0, 0x0, 0x0, 0x0, 0x0, 0x0, 0x0, 0x0, 0x0, 0x0, 0x0, 0x0, 0x0, 
00:00:00.854 0x0, 0x0, 0x0, 0x0, 0x0, 0x0, 0x0, 0x0, 0x0, 0x0, 0x0, 0x0, 0x0, 0x0, 0x0, 0x0, 
00:00:00.854 0x0, 0x0, 0x0, 0x0, 0x0, 0x0, 0x0, 0x0, 0x0, 0x0, 0x0, 0x0, 0x1c, 0x0, 0x0, 0x0, 
00:00:00.854 0x0, 0x0, 0x0, 0x0, 0x0, 0x0, 0x0, 0x0, 0xf, 0x39, 0x0, 0xe, 0x0, 0x1, 0x0, 0x15b, 
00:00:00.854 0x2a, 0x3a, 0x138, 0x1d, 0x36, 0x138, 0x11d, 0x15c, 0x0, 0x7e, 0x0, 0x37, 0x0, 0x4e, 0x0, 0x1, 
00:00:00.855 0x0, 0x0, 0x0, 0x135, 0x11c, 0x0, 0x4a, 0x0, 0x0, 0x0, 0x52, 0x4f, 0x50, 0x51, 0x4b, 0x4c, 
00:00:00.855 0x4d, 0x47, 0x0, 0x48, 0x49, 0x0, 0x0, 0x0, 0x3f, 0x40, 0x41, 0x3d, 0x42, 0x43, 0x0, 0x57, 
00:00:00.855 0x0, 0x0, 0x0, 0x0, 0x0, 0x44, 0x0, 0x58, 0x0, 0x0, 0x13b, 0x147, 0x149, 0x153, 0x3e, 0x14f, 
00:00:00.855 0x3c, 0x151, 0x3b, 0x14b, 0x14d, 0x150, 0x148, 0x0, 0x0, 0x0, 0x0, 0x0, 0x0, 0x0, 0x0, 0x0, 
00:00:00.855 0x0, 0x0, 0x0, 0x0, 0x0, 0x0, 0x0, 0x0, 0x0, 0x0, 0x0, 0x0, 0x0, 0x0, 0x0, 0x0, 
00:00:00.855 0x0, 0x0, 0x0, 0x0, 0x0, 0x0, 0x0, 0x0, 0x0, 0x0, 0x0, 0x0, 0x0, 0x0, 0x0, 0x0, 
00:00:00.855 0x0, 0x0, 0x0, 0x0, 0x0, 0x0, 0x0, 0x0, 0x0, 0x0, 0x0, 0x0, 0x0, 0x0, 0x0, 0x0, 
00:00:00.855 0x0, 0x0, 0x0, 0x0, 0x0, 0x0, 0x0, 0x0, 0x0, 0x0, 0x0, 0x0, 0x0, 0x0, 0x0, 0x0, 
00:00:00.855 0x0, 0x0, 0x0, 0x0, 0x0, 0x0, 0x0, 0x0, 0x0, 0x0, 0x0, 0x0, 0x0, 0x0, 0x0, 0x0, 
00:00:00.855 0x0, 0x0, 0x0, 0x0, 0x0, 0x0, 0x0, 0x0, 0x0, 0x0, 0x0, 0x0, 0x0, 0x0, 0x0, 0x0, 
00:00:00.856 0x0, 0x0, 0x0, 0x0, 0x0, 0x0, 0x0, 0x0, 0x0, 0x0, 0x0, 0x0, 0x0, 0x0, 0x0, 0x0
00:00:00.856 and
00:00:00.856 NULL, 0x43, 0x40, 0x41, 0x38, 0x3d, 0x2c, 0x86, 0x85,
00:00:00.856 0x83, 0x84, 0x82, 0x80, 0x6b, 0x7e, 0x68, 0x69, 0x6a, 0x6c
00:00:00.856 Using XKB for keycode to scan code conversion
00:00:00.863 Logical host processors: 12 present, 12 max, 12 online, online mask: 0000000000000fff
00:00:00.863 ************************* CPUID dump ************************
00:00:00.863          RAW Standard CPUIDs
00:00:00.863      Function  eax      ebx      ecx      edx
00:00:00.863 Gst: 00000000  00000005 756e6547 6c65746e 49656e69
00:00:00.863 Hst:           0000000b 756e6547 6c65746e 49656e69
00:00:00.863 Gst: 00000001  000206c2 00000800 00000209 078bf1bf
00:00:00.863 Hst:           000206c2 00200800 029ae3bf bfebfbff
00:00:00.863 Gst: 00000002  55035a01 00f0b2ff 00000000 00ca0000
00:00:00.863 Hst:           55035a01 00f0b2ff 00000000 00ca0000
00:00:00.863 Gst: 00000003  00000000 00000000 00000000 00000000
00:00:00.863 Hst:           00000000 00000000 00000000 00000000
00:00:00.863 Gst: 00000004  00000000 00000000 00000000 00000000
00:00:00.863 Hst:           3c004121 01c0003f 0000003f 00000000
00:00:00.863 Gst: 00000005  00000040 00000040 00000000 00000000
00:00:00.863 Hst:           00000040 00000040 00000003 00001120
00:00:00.863 Name:                            GenuineIntel
00:00:00.863 Supports:                        0-5
00:00:00.863 Family:                          6  	Extended: 0 	Effective: 6
00:00:00.863 Model:                           12  	Extended: 2 	Effective: 44
00:00:00.863 Stepping:                        2
00:00:00.863 Type:                            0 (primary)
00:00:00.863 APIC ID:                         0x00
00:00:00.863 Logical CPUs:                    0
00:00:00.863 CLFLUSH Size:                    8
00:00:00.863 Brand ID:                        0x00
00:00:00.863 Mnemonic - Description                 = guest (host)
00:00:00.863 FPU - x87 FPU on Chip                  = 1 (1)
00:00:00.863 VME - Virtual 8086 Mode Enhancements   = 1 (1)
00:00:00.863 DE - Debugging extensions              = 1 (1)
00:00:00.863 PSE - Page Size Extension              = 1 (1)
00:00:00.863 TSC - Time Stamp Counter               = 1 (1)
00:00:00.863 MSR - Model Specific Registers         = 1 (1)
00:00:00.863 PAE - Physical Address Extension       = 0 (1)
00:00:00.863 MCE - Machine Check Exception          = 1 (1)
00:00:00.863 CX8 - CMPXCHG8B instruction            = 1 (1)
00:00:00.863 APIC - APIC On-Chip                    = 0 (1)
00:00:00.863 10 - Reserved                          = 0 (0)
00:00:00.863 SEP - SYSENTER and SYSEXIT             = 0 (1)
00:00:00.863 MTRR - Memory Type Range Registers     = 1 (1)
00:00:00.863 PGE - PTE Global Bit                   = 1 (1)
00:00:00.863 MCA - Machine Check Architecture       = 1 (1)
00:00:00.863 CMOV - Conditional Move Instructions   = 1 (1)
00:00:00.863 PAT - Page Attribute Table             = 1 (1)
00:00:00.863 PSE-36 - 36-bit Page Size Extention    = 1 (1)
00:00:00.863 PSN - Processor Serial Number          = 0 (0)
00:00:00.863 CLFSH - CLFLUSH Instruction.           = 1 (1)
00:00:00.863 20 - Reserved                          = 0 (0)
00:00:00.863 DS - Debug Store                       = 0 (1)
00:00:00.863 ACPI - Thermal Mon. & Soft. Clock Ctrl.= 0 (1)
00:00:00.863 MMX - Intel MMX Technology             = 1 (1)
00:00:00.863 FXSR - FXSAVE and FXRSTOR Instructions = 1 (1)
00:00:00.863 SSE - SSE Support                      = 1 (1)
00:00:00.863 SSE2 - SSE2 Support                    = 1 (1)
00:00:00.863 SS - Self Snoop                        = 0 (1)
00:00:00.863 HTT - Hyper-Threading Technology       = 0 (1)
00:00:00.863 TM - Thermal Monitor                   = 0 (1)
00:00:00.863 30 - Reserved                          = 0 (0)
00:00:00.863 PBE - Pending Break Enable             = 0 (1)
00:00:00.863 Supports SSE3                          = 1 (1)
00:00:00.863 PCLMULQDQ                              = 0 (1)
00:00:00.863 DS Area 64-bit layout                  = 0 (1)
00:00:00.863 Supports MONITOR/MWAIT                 = 1 (1)
00:00:00.863 CPL-DS - CPL Qualified Debug Store     = 0 (1)
00:00:00.863 VMX - Virtual Machine Technology       = 0 (1)
00:00:00.863 SMX - Safer Mode Extensions            = 0 (0)
00:00:00.863 Enhanced SpeedStep Technology          = 0 (1)
00:00:00.863 Terminal Monitor 2                     = 0 (1)
00:00:00.863 Supplemental SSE3 instructions         = 1 (1)
00:00:00.863 L1 Context ID                          = 0 (0)
00:00:00.863 11 - Reserved                          = 0 (0)
00:00:00.863 FMA extensions using YMM state         = 0 (0)
00:00:00.863 CMPXCHG16B instruction                 = 0 (1)
00:00:00.863 xTPR Update Control                    = 0 (1)
00:00:00.863 Perf/Debug Capability MSR              = 0 (1)
00:00:00.863 16 - Reserved                          = 0 (0)
00:00:00.863 PCID - Process-context identifiers     = 0 (1)
00:00:00.863 DCA - Direct Cache Access              = 0 (0)
00:00:00.863 SSE4.1 instruction extensions          = 0 (1)
00:00:00.863 SSE4.2 instruction extensions          = 0 (1)
00:00:00.863 Supports the x2APIC extensions         = 0 (0)
00:00:00.863 MOVBE instruction                      = 0 (0)
00:00:00.863 POPCNT instruction                     = 0 (1)
00:00:00.863 TSC-Deadline LAPIC timer mode          = 0 (0)
00:00:00.863 AESNI instruction extensions           = 0 (1)
00:00:00.863 XSAVE/XRSTOR extended state feature    = 0 (0)
00:00:00.863 Supports OSXSAVE                       = 0 (0)
00:00:00.863 AVX instruction extensions             = 0 (0)
00:00:00.863 29/30 - Reserved                       = 0x0 (0x0)
00:00:00.863 Hypervisor Present (we're a guest)     = 0 (0)
00:00:00.863 
00:00:00.863          RAW Extended CPUIDs
00:00:00.863      Function  eax      ebx      ecx      edx
00:00:00.863 Gst: 80000000  80000008 00000000 00000000 00000000
00:00:00.863 Hst:           80000008 00000000 00000000 00000000
00:00:00.863 Gst: 80000001  00000000 00000000 00000000 00000000
00:00:00.863 Hst:           00000000 00000000 00000001 2c100800
00:00:00.863 Gst: 80000002  65746e49 2952286c 726f4320 4d542865
00:00:00.863 Hst:           65746e49 2952286c 726f4320 4d542865
00:00:00.863 Gst: 80000003  37692029 55504320 20202020 58202020
00:00:00.863 Hst:           37692029 55504320 20202020 58202020
00:00:00.863 Gst: 80000004  30383920 20402020 33332e33 007a4847
00:00:00.863 Hst:           30383920 20402020 33332e33 007a4847
00:00:00.863 Gst: 80000005  00000000 00000000 00000000 00000000
00:00:00.863 Hst:           00000000 00000000 00000000 00000000
00:00:00.863 Gst: 80000006  00000000 00000000 01006040 00000000
00:00:00.863 Hst:           00000000 00000000 01006040 00000000
00:00:00.863 Gst: 80000007  00000000 00000000 00000000 00000000
00:00:00.863 Hst:           00000000 00000000 00000000 00000100
00:00:00.863 Gst: 80000008  00003024 00000000 00000000 00000000
00:00:00.863 Hst:           00003024 00000000 00000000 00000000
00:00:00.863 Gst: 80000009  00000000 00000000 00000069 00000000*
00:00:00.863 Hst:           00000000 00000000 00000003 00000000
00:00:00.863 Ext Name:                        
00:00:00.863 Ext Supports:                    0x80000000-0x80000008
00:00:00.863 Family:                          0  	Extended: 0 	Effective: 0
00:00:00.863 Model:                           0  	Extended: 0 	Effective: 0
00:00:00.863 Stepping:                        0
00:00:00.863 Brand ID:                        0x000
00:00:00.863 Mnemonic - Description                 = guest (host)
00:00:00.863 FPU - x87 FPU on Chip                  = 0 (0)
00:00:00.863 VME - Virtual 8086 Mode Enhancements   = 0 (0)
00:00:00.863 DE - Debugging extensions              = 0 (0)
00:00:00.863 PSE - Page Size Extension              = 0 (0)
00:00:00.863 TSC - Time Stamp Counter               = 0 (0)
00:00:00.863 MSR - K86 Model Specific Registers     = 0 (0)
00:00:00.863 PAE - Physical Address Extension       = 0 (0)
00:00:00.863 MCE - Machine Check Exception          = 0 (0)
00:00:00.863 CX8 - CMPXCHG8B instruction            = 0 (0)
00:00:00.863 APIC - APIC On-Chip                    = 0 (0)
00:00:00.863 10 - Reserved                          = 0 (0)
00:00:00.863 SEP - SYSCALL and SYSRET               = 0 (1)
00:00:00.863 MTRR - Memory Type Range Registers     = 0 (0)
00:00:00.863 PGE - PTE Global Bit                   = 0 (0)
00:00:00.863 MCA - Machine Check Architecture       = 0 (0)
00:00:00.863 CMOV - Conditional Move Instructions   = 0 (0)
00:00:00.863 PAT - Page Attribute Table             = 0 (0)
00:00:00.863 PSE-36 - 36-bit Page Size Extention    = 0 (0)
00:00:00.863 18 - Reserved                          = 0 (0)
00:00:00.863 19 - Reserved                          = 0 (0)
00:00:00.863 NX - No-Execute Page Protection        = 0 (1)
00:00:00.863 DS - Debug Store                       = 0 (0)
00:00:00.863 AXMMX - AMD Extensions to MMX Instr.   = 0 (0)
00:00:00.863 MMX - Intel MMX Technology             = 0 (0)
00:00:00.863 FXSR - FXSAVE and FXRSTOR Instructions = 0 (0)
00:00:00.863 25 - AMD fast FXSAVE and FXRSTOR Instr.= 0 (0)
00:00:00.863 26 - 1 GB large page support           = 0 (1)
00:00:00.863 27 - RDTSCP instruction                = 0 (1)
00:00:00.863 28 - Reserved                          = 0 (0)
00:00:00.863 29 - AMD Long Mode                     = 0 (1)
00:00:00.863 30 - AMD Extensions to 3DNow           = 0 (0)
00:00:00.863 31 - AMD 3DNow                         = 0 (0)
00:00:00.863 LahfSahf - LAHF/SAHF in 64-bit mode    = 0 (1)
00:00:00.863 CmpLegacy - Core MP legacy mode (depr) = 0 (0)
00:00:00.863 SVM - AMD VM Extensions                = 0 (0)
00:00:00.863 APIC registers starting at 0x400       = 0 (0)
00:00:00.863 AltMovCR8 - LOCK MOV CR0 means MOV CR8 = 0 (0)
00:00:00.863 Advanced bit manipulation              = 0 (0)
00:00:00.863 SSE4A instruction support              = 0 (0)
00:00:00.863 Misaligned SSE mode                    = 0 (0)
00:00:00.863 PREFETCH and PREFETCHW instruction     = 0 (0)
00:00:00.863 OS visible workaround                  = 0 (0)
00:00:00.864 Instruction based sampling             = 0 (0)
00:00:00.864 SSE5 support                           = 0 (0)
00:00:00.864 SKINIT, STGI, and DEV support          = 0 (0)
00:00:00.864 Watchdog timer support.                = 0 (0)
00:00:00.864 31:14 - Reserved                       = 0x0 (0x0)
00:00:00.864 Full Name:                       Intel(R) Core(TM) i7 CPU       X 980  @ 3.33GHz
00:00:00.864 TLB 2/4M Instr/Uni:              res0     0 entries
00:00:00.864 TLB 2/4M Data:                   res0     0 entries
00:00:00.864 TLB 4K Instr/Uni:                res0     0 entries
00:00:00.864 TLB 4K Data:                     res0     0 entries
00:00:00.864 L1 Instr Cache Line Size:        0 bytes
00:00:00.864 L1 Instr Cache Lines Per Tag:    0
00:00:00.864 L1 Instr Cache Associativity:    res0  
00:00:00.864 L1 Instr Cache Size:             0 KB
00:00:00.864 L1 Data Cache Line Size:         0 bytes
00:00:00.864 L1 Data Cache Lines Per Tag:     0
00:00:00.864 L1 Data Cache Associativity:     res0  
00:00:00.864 L1 Data Cache Size:              0 KB
00:00:00.864 L2 TLB 2/4M Instr/Uni:           off       0 entries
00:00:00.864 L2 TLB 2/4M Data:                off       0 entries
00:00:00.864 L2 TLB 4K Instr/Uni:             off       0 entries
00:00:00.864 L2 TLB 4K Data:                  off       0 entries
00:00:00.864 L2 Cache Line Size:              0 bytes
00:00:00.864 L2 Cache Lines Per Tag:          0
00:00:00.864 L2 Cache Associativity:          off   
00:00:00.864 L2 Cache Size:                   0 KB
00:00:00.864 APM Features:                   
00:00:00.864 Physical Address Width:          36 bits
00:00:00.864 Virtual Address Width:           48 bits
00:00:00.864 Guest Physical Address Width:    0 bits
00:00:00.864 Physical Core Count:             0
00:00:00.864 
00:00:00.864          RAW Centaur CPUIDs
00:00:00.864      Function  eax      ebx      ecx      edx
00:00:00.864 Gst: c0000000  00000000 00000000 00000069 00000000
00:00:00.864 Hst:           00000000 00000000 00000002 00000000
00:00:00.864 Gst: c0000001  00000000 00000000 00000069 00000000*
00:00:00.864 Hst:           00000000 00000000 00000003 00000000
00:00:00.864 Gst: c0000002  00000000 00000000 00000069 00000000*
00:00:00.864 Hst:           00000000 00000000 00000003 00000000
00:00:00.864 Gst: c0000003  00000000 00000000 00000069 00000000*
00:00:00.864 Hst:           00000000 00000000 00000003 00000000
00:00:00.864 Centaur Supports:                0xc0000000-0x00000000
00:00:00.864 
00:00:00.864 ******************** End of CPUID dump **********************
00:00:00.865 Debug: HCPhysInterPD=0000000036ca0000 HCPhysInterPaePDPT=0000000036ca3000 HCPhysInterPaePML4=0000000036ca5000
00:00:00.865 Debug: apInterPTs={0000000036ca1000,0000000036ca2000} apInterPaePTs={00000005ff87f000,00000005fffa8000} apInterPaePDs={00000005fffc6000,00000005ff902000,00000005fff00000,00000005f9462000} pInterPaePDPT64=0000000036ca4000
00:00:00.865 PGMPool: cMaxPages=2096 (u64MaxPages=2084)
00:00:00.865 pgmR3PoolInit: cMaxPages=0x830 cMaxUsers=0x1060 cMaxPhysExts=0x1060 fCacheEnable=true 
00:00:00.893 TM: GIP - u32Mode=1 (SyncTSC) u32UpdateHz=83
00:00:00.925 TM: cTSCTicksPerSecond=0xc523929f (3 307 442 847) fTSCVirtualized=true  fTSCUseRealTSC=false
00:00:00.925 TM: fMaybeUseOffsettedHostTSC=true  TSCTiedToExecution=false TSCNotTiedToHalt=false
00:00:00.926 CoreCode: R3=00007f984ef10000 R0=ffffc90013ffc000 RC=a0f9d000 Phys=0000000036d18000 cb=0x2000
00:00:00.937 AIOMgr: Default manager type is "Async"
00:00:00.937 AIOMgr: Default file backend is "NonBuffered"
00:00:00.937 BlkCache: Cache successfully initialised. Cache size is 5242880 bytes
00:00:00.937 BlkCache: Cache commit interval is 10000 ms
00:00:00.937 BlkCache: Cache commit threshold is 2621440 bytes
00:00:00.963 [SMP] BIOS with 1 CPUs
00:00:00.983 SUP: Loaded VBoxDDR0.r0 (/usr/lib/virtualbox/VBoxDDR0.r0) at 0xffffffffa0e29c80 - ModuleInit at 0000000000000000 and ModuleTerm at 0000000000000000
00:00:00.985 SUP: Loaded VBoxDD2R0.r0 (/usr/lib/virtualbox/VBoxDD2R0.r0) at 0xffffffffa0e41de0 - ModuleInit at 0000000000000000 and ModuleTerm at 0000000000000000
00:00:00.985 Activating Local APIC
00:00:00.985 CPUMSetGuestCpuIdFeature: Enabled APIC
00:00:00.985 CPUMSetGuestCpuIdFeature: Disabled x2APIC
00:00:00.986 PIT: mode=3 count=0x10000 (65536) - 18.20 Hz (ch=0)
00:00:01.013 Shared Folders service loaded.
00:00:01.028 Chipset cannot do MSI: VERR_NOT_IMPLEMENTED
00:00:01.028 Port0: no driver attached
00:00:01.028 DrvBlock: Flushes will be ignored
00:00:01.028 DrvBlock: Async flushes will be passed to the disk
00:00:01.029 VDInit finished
00:00:01.029 AIOMgr: Endpoint for file '/home/gasster/VirtualBox VMs/qcs-vm5-07oct2013/qcs-vm5-07oct2013-disk1.vmdk' (flags 000c0723) created successfully
00:00:01.644 AHCI: LUN#1: disk, PCHS=16383/16/63, total number of sectors 104857600
00:00:01.644 AHCI: LUN#1: using async I/O
00:00:01.645 AHCI ATA: LUN#0: no unit
00:00:01.645 AHCI ATA: LUN#1: disk, PCHS=16383/16/63, total number of sectors 104857600
00:00:01.645 AHCI ATA: Ctl: finished processing RESET
00:00:01.645 AHCI ATA: LUN#2: no unit
00:00:01.645 AHCI ATA: LUN#3: no unit
00:00:01.645 AHCI ATA: Ctl: finished processing RESET
00:00:01.645 AHCI ATA: Ctl: finished processing RESET
00:00:01.645 AHCI ATA: Ctl: finished processing RESET
00:00:01.645 PIIX3 ATA: LUN#0: no unit
00:00:01.645 PIIX3 ATA: LUN#1: no unit
00:00:01.645 DrvBlock: Flushes will be ignored
00:00:01.645 DrvBlock: Async flushes will be passed to the disk
00:00:01.645 PIIX3 ATA: LUN#2: CD/DVD, total number of sectors 0, passthrough disabled
00:00:01.645 PIIX3 ATA: LUN#3: no unit
00:00:01.645 PIIX3 ATA: Ctl#0: finished processing RESET
00:00:01.645 PIIX3 ATA: Ctl#1: finished processing RESET
00:00:01.652 New value of somaxconn: 1
00:00:01.653 Audio: Trying driver 'alsa'.
00:00:01.653 Audio: set_record_source ars=0 als=0 (not implemented)
00:00:02.091 ALSA: ADC frequency 44100Hz, period size 1024, buffer size 4096
00:00:02.100 ALSA: DAC frequency 44100Hz, period size 256, buffer size 1024
00:00:02.101 VUSB: attached 'HidMouse' to port 1
00:00:02.102 DevPcBios: SATA LUN#1 LCHS=1024/255/63
00:00:02.103 PGM: The CPU physical address width is 36 bits
00:00:02.103 PGMR3InitFinalize: 4 MB PSE mask 0000000fffffffff
00:00:02.120 VMM: fUsePeriodicPreemptionTimers=true 
00:00:02.121 HWACCM: Host CR4=000006F0
00:00:02.121 HWACCM: MSR_IA32_FEATURE_CONTROL      = 5
00:00:02.121 HWACCM: MSR_IA32_VMX_BASIC_INFO       = da04000000000f
00:00:02.121 HWACCM: VMCS id                       = f
00:00:02.121 HWACCM: VMCS size                     = 400
00:00:02.121 HWACCM: VMCS physical address limit   = None
00:00:02.121 HWACCM: VMCS memory type              = 6
00:00:02.121 HWACCM: Dual monitor treatment        = 1
00:00:02.121 HWACCM: MSR_IA32_VMX_PINBASED_CTLS    = 7f00000016
00:00:02.121 HWACCM:    VMX_VMCS_CTRL_PIN_EXEC_CONTROLS_EXT_INT_EXIT
00:00:02.121 HWACCM:    VMX_VMCS_CTRL_PIN_EXEC_CONTROLS_NMI_EXIT
00:00:02.121 HWACCM:    VMX_VMCS_CTRL_PIN_EXEC_CONTROLS_VIRTUAL_NMI
00:00:02.121 HWACCM:    VMX_VMCS_CTRL_PIN_EXEC_CONTROLS_PREEMPT_TIMER
00:00:02.121 HWACCM: MSR_IA32_VMX_PROCBASED_CTLS   = fff9fffe0401e172
00:00:02.121 HWACCM:    VMX_VMCS_CTRL_PROC_EXEC_CONTROLS_IRQ_WINDOW_EXIT
00:00:02.121 HWACCM:    VMX_VMCS_CTRL_PROC_EXEC_CONTROLS_TSC_OFFSET
00:00:02.121 HWACCM:    VMX_VMCS_CTRL_PROC_EXEC_CONTROLS_HLT_EXIT
00:00:02.121 HWACCM:    VMX_VMCS_CTRL_PROC_EXEC_CONTROLS_INVLPG_EXIT
00:00:02.121 HWACCM:    VMX_VMCS_CTRL_PROC_EXEC_CONTROLS_MWAIT_EXIT
00:00:02.121 HWACCM:    VMX_VMCS_CTRL_PROC_EXEC_CONTROLS_RDPMC_EXIT
00:00:02.121 HWACCM:    VMX_VMCS_CTRL_PROC_EXEC_CONTROLS_RDTSC_EXIT
00:00:02.121 HWACCM:    VMX_VMCS_CTRL_PROC_EXEC_CONTROLS_CR3_LOAD_EXIT
00:00:02.121 HWACCM:    VMX_VMCS_CTRL_PROC_EXEC_CONTROLS_CR3_STORE_EXIT
00:00:02.121 HWACCM:    VMX_VMCS_CTRL_PROC_EXEC_CONTROLS_CR8_LOAD_EXIT
00:00:02.121 HWACCM:    VMX_VMCS_CTRL_PROC_EXEC_CONTROLS_CR8_STORE_EXIT
00:00:02.121 HWACCM:    VMX_VMCS_CTRL_PROC_EXEC_CONTROLS_USE_TPR_SHADOW
00:00:02.121 HWACCM:    VMX_VMCS_CTRL_PROC_EXEC_CONTROLS_NMI_WINDOW_EXIT
00:00:02.121 HWACCM:    VMX_VMCS_CTRL_PROC_EXEC_CONTROLS_MOV_DR_EXIT
00:00:02.121 HWACCM:    VMX_VMCS_CTRL_PROC_EXEC_CONTROLS_UNCOND_IO_EXIT
00:00:02.121 HWACCM:    VMX_VMCS_CTRL_PROC_EXEC_CONTROLS_USE_IO_BITMAPS
00:00:02.121 HWACCM:    VMX_VMCS_CTRL_PROC_EXEC_CONTROLS_MONITOR_TRAP_FLAG
00:00:02.121 HWACCM:    VMX_VMCS_CTRL_PROC_EXEC_CONTROLS_USE_MSR_BITMAPS
00:00:02.121 HWACCM:    VMX_VMCS_CTRL_PROC_EXEC_CONTROLS_MONITOR_EXIT
00:00:02.121 HWACCM:    VMX_VMCS_CTRL_PROC_EXEC_CONTROLS_PAUSE_EXIT
00:00:02.121 HWACCM:    VMX_VMCS_CTRL_PROC_EXEC_USE_SECONDARY_EXEC_CTRL
00:00:02.121 HWACCM:    VMX_VMCS_CTRL_PROC_EXEC_CONTROLS_CR3_LOAD_EXIT *must* be set
00:00:02.121 HWACCM:    VMX_VMCS_CTRL_PROC_EXEC_CONTROLS_CR3_STORE_EXIT *must* be set
00:00:02.121 HWACCM: MSR_IA32_VMX_PROCBASED_CTLS2  = 4ff00000000
00:00:02.121 HWACCM:    VMX_VMCS_CTRL_PROC_EXEC2_VIRT_APIC
00:00:02.121 HWACCM:    VMX_VMCS_CTRL_PROC_EXEC2_EPT
00:00:02.121 HWACCM:    VMX_VMCS_CTRL_PROC_EXEC2_DESCRIPTOR_INSTR_EXIT
00:00:02.121 HWACCM:    VMX_VMCS_CTRL_PROC_EXEC2_RDTSCP_EXIT
00:00:02.121 HWACCM:    VMX_VMCS_CTRL_PROC_EXEC2_X2APIC
00:00:02.121 HWACCM:    VMX_VMCS_CTRL_PROC_EXEC2_VPID
00:00:02.121 HWACCM:    VMX_VMCS_CTRL_PROC_EXEC2_WBINVD_EXIT
00:00:02.121 HWACCM:    VMX_VMCS_CTRL_PROC_EXEC2_REAL_MODE
00:00:02.121 HWACCM:    VMX_VMCS_CTRL_PROC_EXEC2_PAUSE_LOOP_EXIT
00:00:02.121 HWACCM: MSR_IA32_VMX_ENTRY_CTLS       = ffff000011ff
00:00:02.121 HWACCM:    VMX_VMCS_CTRL_ENTRY_CONTROLS_LOAD_DEBUG
00:00:02.121 HWACCM:    VMX_VMCS_CTRL_ENTRY_CONTROLS_IA64_MODE
00:00:02.121 HWACCM:    VMX_VMCS_CTRL_ENTRY_CONTROLS_ENTRY_SMM
00:00:02.121 HWACCM:    VMX_VMCS_CTRL_ENTRY_CONTROLS_DEACTIVATE_DUALMON
00:00:02.121 HWACCM:    VMX_VMCS_CTRL_ENTRY_CONTROLS_LOAD_GUEST_PERF_MSR
00:00:02.121 HWACCM:    VMX_VMCS_CTRL_ENTRY_CONTROLS_LOAD_GUEST_PAT_MSR
00:00:02.121 HWACCM:    VMX_VMCS_CTRL_ENTRY_CONTROLS_LOAD_GUEST_EFER_MSR
00:00:02.121 HWACCM:    VMX_VMCS_CTRL_ENTRY_CONTROLS_LOAD_DEBUG *must* be set
00:00:02.121 HWACCM: MSR_IA32_VMX_EXIT_CTLS        = 7fffff00036dff
00:00:02.121 HWACCM:    VMX_VMCS_CTRL_EXIT_CONTROLS_SAVE_DEBUG
00:00:02.121 HWACCM:    VMX_VMCS_CTRL_EXIT_CONTROLS_HOST_AMD64
00:00:02.121 HWACCM:    VMX_VMCS_CTRL_EXIT_CONTROLS_ACK_EXTERNAL_IRQ
00:00:02.121 HWACCM:    VMX_VMCS_CTRL_EXIT_CONTROLS_SAVE_GUEST_PAT_MSR
00:00:02.121 HWACCM:    VMX_VMCS_CTRL_EXIT_CONTROLS_LOAD_HOST_PAT_MSR
00:00:02.121 HWACCM:    VMX_VMCS_CTRL_EXIT_CONTROLS_SAVE_GUEST_EFER_MSR
00:00:02.121 HWACCM:    VMX_VMCS_CTRL_EXIT_CONTROLS_LOAD_HOST_EFER_MSR
00:00:02.121 HWACCM:    VMX_VMCS_CTRL_EXIT_CONTROLS_SAVE_VMX_PREEMPT_TIMER
00:00:02.121 HWACCM:    VMX_VMCS_CTRL_EXIT_CONTROLS_SAVE_DEBUG *must* be set
00:00:02.121 HWACCM: MSR_IA32_VMX_EPT_VPID_CAPS    = f0106134141
00:00:02.121 HWACCM:    MSR_IA32_VMX_EPT_CAPS_RWX_X_ONLY
00:00:02.121 HWACCM:    MSR_IA32_VMX_EPT_CAPS_GAW_48_BITS
00:00:02.121 HWACCM:    MSR_IA32_VMX_EPT_CAPS_EMT_UC
00:00:02.121 HWACCM:    MSR_IA32_VMX_EPT_CAPS_EMT_WB
00:00:02.121 HWACCM:    MSR_IA32_VMX_EPT_CAPS_SP_21_BITS
00:00:02.121 HWACCM:    MSR_IA32_VMX_EPT_CAPS_SP_30_BITS
00:00:02.121 HWACCM:    MSR_IA32_VMX_EPT_CAPS_INVEPT
00:00:02.121 HWACCM:    MSR_IA32_VMX_EPT_CAPS_INVEPT_CAPS_CONTEXT
00:00:02.121 HWACCM:    MSR_IA32_VMX_EPT_CAPS_INVEPT_CAPS_ALL
00:00:02.121 HWACCM:    MSR_IA32_VMX_EPT_CAPS_INVVPID
00:00:02.121 HWACCM:    MSR_IA32_VMX_EPT_CAPS_INVVPID_CAPS_INDIV
00:00:02.121 HWACCM:    MSR_IA32_VMX_EPT_CAPS_INVVPID_CAPS_CONTEXT
00:00:02.121 HWACCM:    MSR_IA32_VMX_EPT_CAPS_INVVPID_CAPS_ALL
00:00:02.121 HWACCM:    MSR_IA32_VMX_EPT_CAPS_INVVPID_CAPS_CONTEXT_GLOBAL
00:00:02.121 HWACCM: MSR_IA32_VMX_MISC             = 401e7
00:00:02.121 HWACCM:    MSR_IA32_VMX_MISC_PREEMPT_TSC_BIT 7
00:00:02.121 HWACCM:    MSR_IA32_VMX_MISC_ACTIVITY_STATES 7
00:00:02.121 HWACCM:    MSR_IA32_VMX_MISC_CR3_TARGET      4
00:00:02.121 HWACCM:    MSR_IA32_VMX_MISC_MAX_MSR         200
00:00:02.121 HWACCM:    MSR_IA32_VMX_MISC_MSEG_ID         0
00:00:02.121 HWACCM: MSR_IA32_VMX_CR0_FIXED0       = 80000021
00:00:02.121 HWACCM: MSR_IA32_VMX_CR0_FIXED1       = ffffffff
00:00:02.121 HWACCM: MSR_IA32_VMX_CR4_FIXED0       = 2000
00:00:02.121 HWACCM: MSR_IA32_VMX_CR4_FIXED1       = 227ff
00:00:02.121 HWACCM: MSR_IA32_VMX_VMCS_ENUM        = 2a
00:00:02.121 HWACCM: TPR shadow physaddr           = 0000000036d17000
00:00:02.121 HWACCM: VCPU0: MSR bitmap physaddr      = 0000000036d1c000
00:00:02.121 HWACCM: VCPU0: VMCS physaddr            = 0000000036d1a000
00:00:02.121 CPUMSetGuestCpuIdFeature: Enabled sysenter/exit
00:00:02.121 CPUMSetGuestCpuIdFeature: Enabled PAE
00:00:02.121 CPUMSetGuestCpuIdFeature: Enabled LONG MODE
00:00:02.121 CPUMSetGuestCpuIdFeature: Enabled syscall/ret
00:00:02.121 CPUMSetGuestCpuIdFeature: Enabled LAHF/SAHF
00:00:02.121 CPUMSetGuestCpuIdFeature: Enabled NXE
00:00:02.121 HWACCM: 32-bit and 64-bit guests supported.
00:00:02.121 HWACCM: VMX enabled!
00:00:02.121 HWACCM: Enabled nested paging
00:00:02.121 HWACCM: EPT root page                 = 0000000036ce3000
00:00:02.121 HWACCM: Unrestricted guest execution enabled!
00:00:02.121 HWACCM: enmFlushPage    1
00:00:02.121 HWACCM: enmFlushContext 1
00:00:02.121 HWACCM: TPR Patching disabled.
00:00:02.121 HWACCM: Using the VMX-preemption timer (cPreemptTimerShift=7)
00:00:02.121 HWACCM:    VT-x/AMD-V init method: GLOBAL
00:00:02.130 VM: Halt method global1 (5)
00:00:02.130 HaltedGlobal1 config: cNsSpinBlockThresholdCfg=2000
00:00:02.130 Changing the VM state from 'CREATING' to 'CREATED'.
00:00:02.130 Changing the VM state from 'CREATED' to 'POWERING_ON'.
00:00:02.130 AIOMgr: Endpoints without assigned bandwidth groups:
00:00:02.130 AIOMgr:     /home/gasster/VirtualBox VMs/qcs-vm5-07oct2013/qcs-vm5-07oct2013-disk1.vmdk
00:00:02.130 Changing the VM state from 'POWERING_ON' to 'RUNNING'.
00:00:02.134 Guest Log: BIOS: VirtualBox 4.1.2_Ubuntu
00:00:02.134 PIT: mode=2 count=0x10000 (65536) - 18.20 Hz (ch=0)
00:00:02.153 PIIX3 ATA: Ctl#1: RESET, DevSel=0 AIOIf=0 CmdIf0=0x00 (-1 usec ago) CmdIf1=0x00 (-1 usec ago)
00:00:02.153 PIIX3 ATA: Ctl#1: finished processing RESET
00:00:02.153 AHCI ATA: Ctl: RESET, DevSel=1 AIOIf=0 CmdIf0=0x00 (-1 usec ago) CmdIf1=0x00 (-1 usec ago)
00:00:02.153 AHCI ATA: Ctl: finished processing RESET
00:00:02.154 Guest Log: BIOS: ata2-1: PCHS=16383/16/63 LCHS=1024/255/63
00:00:02.154 PIT: mode=2 count=0x48d3 (18643) - 64.00 Hz (ch=0)
00:00:02.173 Display::handleDisplayResize(): uScreenId = 0, pvVRAM=00007f982f5aa000 w=640 h=480 bpp=32 cbLine=0xA00, flags=0x1
00:00:02.524 2D video acceleration is disabled.
00:00:04.631 PIT: mode=2 count=0x10000 (65536) - 18.20 Hz (ch=0)
00:00:04.631 Guest Log: BIOS: Boot from Floppy 0 failed
00:00:04.632 Guest Log: BIOS: CDROM boot failure code : 0003
00:00:04.632 Guest Log: BIOS: Boot from CD-ROM failed
00:00:04.636 Display::handleDisplayResize(): uScreenId = 0, pvVRAM=0000000000000000 w=720 h=400 bpp=0 cbLine=0x0, flags=0x1
00:00:04.664 Guest Log: BIOS: Booting from Hard Disk...
00:00:04.665 AHCI ATA: Ctl: RESET, DevSel=1 AIOIf=1 CmdIf0=0x00 (-1 usec ago) CmdIf1=0xc4 (-1 usec ago)
00:00:04.665 AHCI ATA: Ctl: finished processing RESET
00:00:04.986 Display::handleDisplayResize(): uScreenId = 0, pvVRAM=00007f982f5aa000 w=640 h=480 bpp=32 cbLine=0xA00, flags=0x1
00:00:05.672 Display::handleDisplayResize(): uScreenId = 0, pvVRAM=00007f982f6d6000 w=640 h=480 bpp=32 cbLine=0xA00, flags=0x1
00:00:06.056 Display::handleDisplayResize(): uScreenId = 0, pvVRAM=00007f982f5aa000 w=640 h=480 bpp=32 cbLine=0xA00, flags=0x1
00:00:07.066 Display::handleDisplayResize(): uScreenId = 0, pvVRAM=00007f982f6d6000 w=640 h=480 bpp=32 cbLine=0xA00, flags=0x1
00:00:08.056 Display::handleDisplayResize(): uScreenId = 0, pvVRAM=00007f982f5aa000 w=640 h=480 bpp=32 cbLine=0xA00, flags=0x1
00:00:09.066 Display::handleDisplayResize(): uScreenId = 0, pvVRAM=00007f982f6d6000 w=640 h=480 bpp=32 cbLine=0xA00, flags=0x1
00:00:10.056 Display::handleDisplayResize(): uScreenId = 0, pvVRAM=00007f982f5aa000 w=640 h=480 bpp=32 cbLine=0xA00, flags=0x1
00:00:10.076 Display::handleDisplayResize(): uScreenId = 0, pvVRAM=00007f982f6d6000 w=640 h=480 bpp=32 cbLine=0xA00, flags=0x1
00:00:10.097 Display::handleDisplayResize(): uScreenId = 0, pvVRAM=00007f982f5aa000 w=640 h=480 bpp=32 cbLine=0xA00, flags=0x1
00:00:10.258 Display::handleDisplayResize(): uScreenId = 0, pvVRAM=00007f982f6d6000 w=640 h=480 bpp=32 cbLine=0xA00, flags=0x1
00:00:11.295 Display::handleDisplayResize(): uScreenId = 0, pvVRAM=00007f982f5aa000 w=640 h=480 bpp=32 cbLine=0xA00, flags=0x1
00:00:11.564 PIT: mode=2 count=0x4a9 (1193) - 1000.15 Hz (ch=0)
00:00:11.785 PIT: mode=0 count=0x10000 (65536) - 18.20 Hz (ch=0)
00:00:11.894 OHCI: Software reset
00:00:12.403 OHCI: USB Reset
00:00:12.403 PIIX3 ATA: Ctl#0: RESET, DevSel=0 AIOIf=0 CmdIf0=0x00 (-1 usec ago) CmdIf1=0x00 (-1 usec ago)
00:00:12.403 PIIX3 ATA: Ctl#0: finished processing RESET
00:00:12.404 PIIX3 ATA: Ctl#1: RESET, DevSel=0 AIOIf=0 CmdIf0=0xa0 (-1 usec ago) CmdIf1=0x00 (-1 usec ago)
00:00:12.404 PIIX3 ATA: Ctl#1: finished processing RESET
00:00:12.454 OHCI: Software reset
00:00:12.454 OHCI: USB Operational
00:00:20.503 Audio: set_record_source ars=0 als=0 (not implemented)
00:00:20.504 Audio: set_record_source ars=0 als=0 (not implemented)
00:00:20.513 Audio: set_record_source ars=0 als=0 (not implemented)
00:00:30.309 NAT: IPv6 not supported
00:00:32.243 NAT: DHCP offered IP address 10.0.2.15
00:00:32.244 NAT: DHCP offered IP address 10.0.2.15
00:01:48.364 Changing the VM state from 'RUNNING' to 'SUSPENDING'.
00:01:48.369 AIOMgr: Endpoint for file '/home/gasster/VirtualBox VMs/qcs-vm5-07oct2013/qcs-vm5-07oct2013-disk1.vmdk' (flags 000c0781) created successfully
00:01:49.083 Changing the VM state from 'SUSPENDING' to 'SUSPENDED'.
00:01:50.724 Console::powerDown(): A request to power off the VM has been issued (mMachineState=Stopping, InUninit=0)
00:01:50.725 Changing the VM state from 'SUSPENDED' to 'POWERING_OFF'.
00:01:50.725 ****************** Guest state at power off ******************
00:01:50.725 Guest CPUM (VCPU 0) state: se
00:01:50.725 rax=00000000ffffffed rbx=ffffffff81c01fd8 rcx=0100000000000000 rdx=0140000000000000
00:01:50.725 rsi=0000000000000000 rdi=0000000000000046 r8 =0000000000000000 r9 =0000000000000000
00:01:50.725 r10=0000000000000000 r11=0000000000000000 r12=0000000000000000 r13=ffffffff81c01fd8
00:01:50.725 r14=ffffffff81c01fd8 r15=0000000000000000
00:01:50.725 rip=ffffffff81042086 rsp=ffffffff81c01e88 rbp=ffffffff81c01e88 iopl=0         nv up ei nt zr na po nc
00:01:50.725 cs={0010 base=0000000000000000 limit=ffffffff flags=0000a09b}
00:01:50.725 ds={0000 base=0000000000000000 limit=000fffff flags=00010000}
00:01:50.725 es={0000 base=0000000000000000 limit=000fffff flags=00010000}
00:01:50.725 fs={0000 base=0000000000000000 limit=000fffff flags=00010000}
00:01:50.725 gs={0000 base=ffff88011fc00000 limit=000fffff flags=00010000}
00:01:50.725 ss={0018 base=0000000000000000 limit=ffffffff flags=0000c093}
00:01:50.725 cr0=000000008005003b cr2=00007f50f404d000 cr3=00000001137a5000 cr4=00000000000006f0
00:01:50.725 dr0=0000000000000000 dr1=0000000000000000 dr2=0000000000000000 dr3=0000000000000000
00:01:50.725 dr4=0000000000000000 dr5=0000000000000000 dr6=00000000ffff0ff0 dr7=0000000000000400
00:01:50.725 gdtr=ffff88011fc04000:007f  idtr=ffffffffff577000:0fff  eflags=00000286
00:01:50.725 ldtr={0000 base=00000000 limit=00000000 flags=00000082}
00:01:50.725 tr  ={0040 base=ffff88011fc11600 limit=00002087 flags=0000008b}
00:01:50.725 SysEnter={cs=0010 eip=ffffffff81666320 esp=0000000000000000}
00:01:50.725 FCW=037f FSW=0000 FTW=0000 FOP=0000 MXCSR=00001fa0 MXCSR_MASK=0000ffff
00:01:50.725 FPUIP=00000000 CS=0000 Rsrvd1=0000  FPUDP=00000000 DS=0000 Rsvrd2=0000
00:01:50.725 ST(0)=FPR0={0000'00000000'00000000} t0 +0.0000000000000000000000 ^ 0
00:01:50.725 ST(1)=FPR1={0000'00000000'00000000} t0 +0.0000000000000000000000 ^ 0
00:01:50.725 ST(2)=FPR2={0000'00000000'00000000} t0 +0.0000000000000000000000 ^ 0
00:01:50.725 ST(3)=FPR3={0000'00000000'00000000} t0 +0.0000000000000000000000 ^ 0
00:01:50.725 ST(4)=FPR4={0000'00000000'00000000} t0 +0.0000000000000000000000 ^ 0
00:01:50.725 ST(5)=FPR5={0000'00000000'00000000} t0 +0.0000000000000000000000 ^ 0
00:01:50.725 ST(6)=FPR6={0000'00000000'00000000} t0 +0.0000000000000000000000 ^ 0
00:01:50.725 ST(7)=FPR7={0000'00000000'00000000} t0 +0.0000000000000000000000 ^ 0
00:01:50.725 XMM0 =ff000000'00000000'00000000'00000000  XMM1 =25252525'25252525'25252525'25252525
00:01:50.725 XMM2 =00000000'00000000'00000000'00000000  XMM3 =0000ff00'00000000'00000000'0000ff00
00:01:50.725 XMM4 =6274736f'68746567'00725f34'656d616e  XMM5 =40404040'40404040'40404040'40404040
00:01:50.725 XMM6 =5b5b5b5b'5b5b5b5b'5b5b5b5b'5b5b5b5b  XMM7 =20202020'20202020'20202020'20202020
00:01:50.725 XMM8 =00000000'00000000'00000000'00000000  XMM9 =0000ffff'00000000'00ffff00'000000ff
00:01:50.725 XMM10=00000000'00000000'00000000'00000000  XMM11=00000000'ff000000'00ffffff'ffffffff
00:01:50.725 XMM12=00000000'00000000'00000000'00000000  XMM13=00000000'00000000'00000000'00000000
00:01:50.725 XMM14=00000000'00000000'00000000'00000000  XMM15=00000000'00000000'00000000'00000000
00:01:50.725 EFER         =0000000000000d01
00:01:50.725 PAT          =0007010600070106
00:01:50.725 STAR         =0023001000000000
00:01:50.725 CSTAR        =ffffffff81666550
00:01:50.725 LSTAR        =ffffffff81664ca0
00:01:50.725 SFMASK       =0000000000043700
00:01:50.725 KERNELGSBASE =0000000000000000
00:01:50.725 ***
00:01:50.725 Guest paging mode:  AMD64+NX, changed 649094 times, A20 enabled
00:01:50.725 Shadow paging mode: EPT
00:01:50.725 Host paging mode:   AMD64+G+NX
00:01:50.725 ***
00:01:50.725 Active Timers (pVM=00007f984ed58000)
00:01:50.725 pTimerR3         offNext  offPrev  offSched Clock               Time             Expire HzHint State                     Description
00:01:50.725 00007f983833d370 00013660 00000000 00000000 Real              542197             539846      0 2-ACTIVE                  VGA Refresh Timer
00:01:50.725 00007f98383509d0 ffffff80 fffec9a0 00000000 Real              542197             539859      0 2-ACTIVE                  EMT Yielder
00:01:50.725 00007f9838350950 00000000 00000080 00000000 Real              542197             540578      0 2-ACTIVE                  CPU Load Timer
00:01:50.725 00007f983834c220 000017e0 00000000 00000000 Virt        106952372479       106233772972      0 2-ACTIVE                  Audio timer
00:01:50.725 00007f983834da00 00000000 ffffe820 00000000 Virt        106952372479       106243227946      0 2-ACTIVE                  USB Frame Timer
00:01:50.725 00007f98383342f0 00001560 00000000 00000000 VrSy        106232744417       106240855861     20 2-ACTIVE                  APIC Timer #0
00:01:50.725 00007f9838335850 00019df0 ffffeaa0 00000000 VrSy        106232744417       106990000000      0 2-ACTIVE                  MC146818 RTC/CMOS - Second
00:01:50.725 00007f983834f640 00000000 fffe6210 00000000 VrSy        106232744417      1199864031601      0 2-ACTIVE                  ACPI PM Timer
00:01:50.725 ***
00:01:50.725 Shadow GDT (GCAddr=fe7a0000):
00:01:50.725 ffd8 - 81180087 fd008980 - base=fd808118 limit=00000087 dpl=0 TSS32Avail Present 16-bit  HyperTSSTrap08
00:01:50.725 ffe0 - 80900087 fd008980 - base=fd808090 limit=00000087 dpl=0 TSS32Avail Present 16-bit  HyperTSS
00:01:50.725 ffe8 - 0000ffff 00af9b00 - base=00000000 limit=ffffffff dpl=0 CodeER Accessed Present Page 16-bit  HyperCS64
00:01:50.725 fff0 - 0000ffff 00cf9300 - base=00000000 limit=ffffffff dpl=0 DataRW Accessed Present Page 32-bit  HyperDS
00:01:50.725 fff8 - 0000ffff 00cf9b00 - base=00000000 limit=ffffffff dpl=0 CodeER Accessed Present Page 32-bit  HyperCS
00:01:50.725 ***
00:01:50.725 ************** End of Guest state at power off ***************
00:01:50.725 Changing the VM state from 'POWERING_OFF' to 'OFF'.
00:01:50.728 Changing the VM state from 'OFF' to 'DESTROYING'.
00:01:50.728 ************************* Statistics *************************
00:01:50.728 /Devices/E1k0/ReceiveBytes           1380 bytes
00:01:50.728 /Devices/E1k0/TransmitBytes          6660 bytes
00:01:50.728 /Devices/IDE0/ATA0/Unit0/AtapiDMA        0 times
00:01:50.728 /Devices/IDE0/ATA0/Unit0/AtapiPIO        0 times
00:01:50.728 /Devices/IDE0/ATA0/Unit0/DMA            0 times
00:01:50.728 /Devices/IDE0/ATA0/Unit0/PIO            0 times
00:01:50.728 /Devices/IDE0/ATA0/Unit0/ReadBytes        0 bytes
00:01:50.728 /Devices/IDE0/ATA0/Unit0/WrittenBytes        0 bytes
00:01:50.728 /Devices/IDE0/ATA0/Unit1/AtapiDMA        0 times
00:01:50.728 /Devices/IDE0/ATA0/Unit1/AtapiPIO        0 times
00:01:50.728 /Devices/IDE0/ATA0/Unit1/DMA            0 times
00:01:50.728 /Devices/IDE0/ATA0/Unit1/PIO            0 times
00:01:50.728 /Devices/IDE0/ATA0/Unit1/ReadBytes        0 bytes
00:01:50.728 /Devices/IDE0/ATA0/Unit1/WrittenBytes        0 bytes
00:01:50.728 /Devices/IDE0/ATA1/Unit0/AtapiDMA        1 times
00:01:50.728 /Devices/IDE0/ATA1/Unit0/AtapiPIO       72 times
00:01:50.728 /Devices/IDE0/ATA1/Unit0/DMA            0 times
00:01:50.728 /Devices/IDE0/ATA1/Unit0/PIO            0 times
00:01:50.728 /Devices/IDE0/ATA1/Unit0/ReadBytes        0 bytes
00:01:50.728 /Devices/IDE0/ATA1/Unit0/WrittenBytes        0 bytes
00:01:50.728 /Devices/IDE0/ATA1/Unit1/AtapiDMA        0 times
00:01:50.728 /Devices/IDE0/ATA1/Unit1/AtapiPIO        0 times
00:01:50.728 /Devices/IDE0/ATA1/Unit1/DMA            0 times
00:01:50.728 /Devices/IDE0/ATA1/Unit1/PIO            0 times
00:01:50.728 /Devices/IDE0/ATA1/Unit1/ReadBytes        0 bytes
00:01:50.728 /Devices/IDE0/ATA1/Unit1/WrittenBytes        0 bytes
00:01:50.728 /Devices/SATA0/Port1/DMA             7603 times
00:01:50.728 /Devices/SATA0/Port1/ReadBytes   183635456 bytes
00:01:50.728 /Devices/SATA0/Port1/WrittenBytes  3879936 bytes
00:01:50.728 /Devices/VMMDev/BalloonChunks           0 count
00:01:50.728 /FT/Checkpoint/Network                  0 times
00:01:50.728 /FT/Checkpoint/Storage                  0 times
00:01:50.728 /FT/Received/Mem                        0 bytes
00:01:50.728 /FT/Received/State                      0 bytes
00:01:50.728 /FT/Sent/Mem                            0 bytes
00:01:50.728 /FT/Sent/State                          0 bytes
00:01:50.728 /FT/Sync/DeltaMem                       0 times
00:01:50.728 /FT/Sync/DeltaVM                        0 times
00:01:50.728 /FT/Sync/Full                           0 times
00:01:50.728 /GVMM/EMTs                              1 calls
00:01:50.728 /GVMM/HostCPUs                         12 calls
00:01:50.728 /GVMM/HostCpus/0                        0 
00:01:50.728 /GVMM/HostCpus/0/CurTimerHz             0 Hz
00:01:50.728 /GVMM/HostCpus/0/DesiredHz              0 Hz
00:01:50.728 /GVMM/HostCpus/0/PPTChanges             1 times
00:01:50.728 /GVMM/HostCpus/0/PPTStarts              1 times
00:01:50.728 /GVMM/HostCpus/0/idxCpuSet              0 
00:01:50.728 /GVMM/HostCpus/1                        1 
00:01:50.728 /GVMM/HostCpus/1/CurTimerHz             0 Hz
00:01:50.728 /GVMM/HostCpus/1/DesiredHz              0 Hz
00:01:50.728 /GVMM/HostCpus/1/PPTChanges            26 times
00:01:50.728 /GVMM/HostCpus/1/PPTStarts              4 times
00:01:50.728 /GVMM/HostCpus/1/idxCpuSet              1 
00:01:50.728 /GVMM/HostCpus/10                      10 
00:01:50.728 /GVMM/HostCpus/10/CurTimerHz            0 Hz
00:01:50.728 /GVMM/HostCpus/10/DesiredHz             0 Hz
00:01:50.728 /GVMM/HostCpus/10/PPTChanges            0 times
00:01:50.728 /GVMM/HostCpus/10/PPTStarts             0 times
00:01:50.728 /GVMM/HostCpus/10/idxCpuSet            10 
00:01:50.728 /GVMM/HostCpus/11                      11 
00:01:50.728 /GVMM/HostCpus/11/CurTimerHz            0 Hz
00:01:50.728 /GVMM/HostCpus/11/DesiredHz             0 Hz
00:01:50.728 /GVMM/HostCpus/11/PPTChanges            0 times
00:01:50.728 /GVMM/HostCpus/11/PPTStarts             0 times
00:01:50.728 /GVMM/HostCpus/11/idxCpuSet            11 
00:01:50.728 /GVMM/HostCpus/2                        2 
00:01:50.728 /GVMM/HostCpus/2/CurTimerHz             0 Hz
00:01:50.728 /GVMM/HostCpus/2/DesiredHz              0 Hz
00:01:50.728 /GVMM/HostCpus/2/PPTChanges             7 times
00:01:50.728 /GVMM/HostCpus/2/PPTStarts              1 times
00:01:50.728 /GVMM/HostCpus/2/idxCpuSet              2 
00:01:50.728 /GVMM/HostCpus/3                        3 
00:01:50.728 /GVMM/HostCpus/3/CurTimerHz             0 Hz
00:01:50.728 /GVMM/HostCpus/3/DesiredHz              0 Hz
00:01:50.728 /GVMM/HostCpus/3/PPTChanges           359 times
00:01:50.728 /GVMM/HostCpus/3/PPTStarts              6 times
00:01:50.728 /GVMM/HostCpus/3/idxCpuSet              3 
00:01:50.728 /GVMM/HostCpus/4                        4 
00:01:50.728 /GVMM/HostCpus/4/CurTimerHz             0 Hz
00:01:50.728 /GVMM/HostCpus/4/DesiredHz              0 Hz
00:01:50.728 /GVMM/HostCpus/4/PPTChanges             0 times
00:01:50.728 /GVMM/HostCpus/4/PPTStarts              0 times
00:01:50.728 /GVMM/HostCpus/4/idxCpuSet              4 
00:01:50.728 /GVMM/HostCpus/5                        5 
00:01:50.728 /GVMM/HostCpus/5/CurTimerHz             0 Hz
00:01:50.728 /GVMM/HostCpus/5/DesiredHz              0 Hz
00:01:50.728 /GVMM/HostCpus/5/PPTChanges             0 times
00:01:50.728 /GVMM/HostCpus/5/PPTStarts              0 times
00:01:50.728 /GVMM/HostCpus/5/idxCpuSet              5 
00:01:50.728 /GVMM/HostCpus/6                        6 
00:01:50.728 /GVMM/HostCpus/6/CurTimerHz             0 Hz
00:01:50.728 /GVMM/HostCpus/6/DesiredHz              0 Hz
00:01:50.728 /GVMM/HostCpus/6/PPTChanges             0 times
00:01:50.728 /GVMM/HostCpus/6/PPTStarts              0 times
00:01:50.728 /GVMM/HostCpus/6/idxCpuSet              6 
00:01:50.728 /GVMM/HostCpus/7                        7 
00:01:50.728 /GVMM/HostCpus/7/CurTimerHz             0 Hz
00:01:50.728 /GVMM/HostCpus/7/DesiredHz              0 Hz
00:01:50.728 /GVMM/HostCpus/7/PPTChanges             2 times
00:01:50.728 /GVMM/HostCpus/7/PPTStarts              2 times
00:01:50.728 /GVMM/HostCpus/7/idxCpuSet              7 
00:01:50.728 /GVMM/HostCpus/8                        8 
00:01:50.728 /GVMM/HostCpus/8/CurTimerHz             0 Hz
00:01:50.728 /GVMM/HostCpus/8/DesiredHz              0 Hz
00:01:50.728 /GVMM/HostCpus/8/PPTChanges            38 times
00:01:50.728 /GVMM/HostCpus/8/PPTStarts              2 times
00:01:50.728 /GVMM/HostCpus/8/idxCpuSet              8 
00:01:50.728 /GVMM/HostCpus/9                        9 
00:01:50.728 /GVMM/HostCpus/9/CurTimerHz             0 Hz
00:01:50.728 /GVMM/HostCpus/9/DesiredHz              0 Hz
00:01:50.728 /GVMM/HostCpus/9/PPTChanges           122 times
00:01:50.728 /GVMM/HostCpus/9/PPTStarts              5 times
00:01:50.728 /GVMM/HostCpus/9/idxCpuSet              9 
00:01:50.728 /GVMM/Sum/HaltBlocking              40229 calls
00:01:50.728 /GVMM/Sum/HaltCalls                 40632 calls
00:01:50.728 /GVMM/Sum/HaltNotBlocking             403 calls
00:01:50.728 /GVMM/Sum/HaltTimeouts              31193 calls
00:01:50.728 /GVMM/Sum/HaltWakeUps                   0 calls
00:01:50.728 /GVMM/Sum/PokeCalls                   944 calls
00:01:50.728 /GVMM/Sum/PokeNotBusy                  94 calls
00:01:50.728 /GVMM/Sum/PollCalls                     6 calls
00:01:50.728 /GVMM/Sum/PollHalts                     0 calls
00:01:50.728 /GVMM/Sum/PollWakeUps                   0 calls
00:01:50.728 /GVMM/Sum/WakeUpCalls                9107 calls
00:01:50.728 /GVMM/Sum/WakeUpNotHalted            4703 calls
00:01:50.728 /GVMM/Sum/WakeUpWakeUps                 0 calls
00:01:50.728 /GVMM/VM/HaltBlocking               40229 calls
00:01:50.728 /GVMM/VM/HaltCalls                  40632 calls
00:01:50.728 /GVMM/VM/HaltNotBlocking              403 calls
00:01:50.728 /GVMM/VM/HaltTimeouts               31193 calls
00:01:50.728 /GVMM/VM/HaltWakeUps                    0 calls
00:01:50.728 /GVMM/VM/PokeCalls                    944 calls
00:01:50.728 /GVMM/VM/PokeNotBusy                   94 calls
00:01:50.728 /GVMM/VM/PollCalls                      6 calls
00:01:50.728 /GVMM/VM/PollHalts                      0 calls
00:01:50.728 /GVMM/VM/PollWakeUps                    0 calls
00:01:50.728 /GVMM/VM/WakeUpCalls                 9107 calls
00:01:50.728 /GVMM/VM/WakeUpNotHalted             4703 calls
00:01:50.728 /GVMM/VM/WakeUpWakeUps                  0 calls
00:01:50.728 /GVMM/VMs                               1 calls
00:01:50.728 /MM/HyperHeap/cbFree               825776 bytes
00:01:50.728 /MM/HyperHeap/cbHeap              1048256 bytes
00:01:50.728 /PDM/BlkCache/cbCached            3420160 bytes
00:01:50.728 /PDM/BlkCache/cbCachedFru               0 bytes
00:01:50.728 /PDM/BlkCache/cbCachedMruIn       3420160 bytes
00:01:50.728 /PDM/BlkCache/cbCachedMruOut            0 bytes
00:01:50.728 /PDM/BlkCache/cbMax               5242880 bytes
00:01:50.728 /PDM/CritSects/8237A#0 Auto/ContentionR3        0 times
00:01:50.728 /PDM/CritSects/8237A#0 Auto/ContentionRZLock        0 times
00:01:50.728 /PDM/CritSects/8237A#0 Auto/ContentionRZUnlock        0 times
00:01:50.728 /PDM/CritSects/AHCI#0/ContentionR3        0 times
00:01:50.728 /PDM/CritSects/AHCI#0/ContentionRZLock        1 times
00:01:50.728 /PDM/CritSects/AHCI#0/ContentionRZUnlock        0 times
00:01:50.728 /PDM/CritSects/ATA#0/ContentionR3        0 times
00:01:50.728 /PDM/CritSects/ATA#0/ContentionRZLock        0 times
00:01:50.728 /PDM/CritSects/ATA#0/ContentionRZUnlock        0 times
00:01:50.728 /PDM/CritSects/ATA#1/ContentionR3        0 times
00:01:50.728 /PDM/CritSects/ATA#1/ContentionRZLock        3 times
00:01:50.728 /PDM/CritSects/ATA#1/ContentionRZUnlock        0 times
00:01:50.728 /PDM/CritSects/AudioSniffer#0 Auto/ContentionR3        0 times
00:01:50.728 /PDM/CritSects/AudioSniffer#0 Auto/ContentionRZLock        0 times
00:01:50.729 /PDM/CritSects/AudioSniffer#0 Auto/ContentionRZUnlock        0 times
00:01:50.729 /PDM/CritSects/E1000#0/ContentionR3        0 times
00:01:50.729 /PDM/CritSects/E1000#0/ContentionRZLock        0 times
00:01:50.729 /PDM/CritSects/E1000#0/ContentionRZUnlock        0 times
00:01:50.729 /PDM/CritSects/E1000#0RX/ContentionR3        0 times
00:01:50.729 /PDM/CritSects/E1000#0RX/ContentionRZLock        0 times
00:01:50.729 /PDM/CritSects/E1000#0RX/ContentionRZUnlock        0 times
00:01:50.729 /PDM/CritSects/EM-REM/ContentionR3        0 times
00:01:50.729 /PDM/CritSects/EM-REM/ContentionRZLock        0 times
00:01:50.729 /PDM/CritSects/EM-REM/ContentionRZUnlock        0 times
00:01:50.729 /PDM/CritSects/EmulatedATA0/ContentionR3        0 times
00:01:50.729 /PDM/CritSects/EmulatedATA0/ContentionRZLock        3 times
00:01:50.729 /PDM/CritSects/EmulatedATA0/ContentionRZUnlock        0 times
00:01:50.729 /PDM/CritSects/EmulatedATA1/ContentionR3        0 times
00:01:50.729 /PDM/CritSects/EmulatedATA1/ContentionRZLock        0 times
00:01:50.729 /PDM/CritSects/EmulatedATA1/ContentionRZUnlock        0 times
00:01:50.729 /PDM/CritSects/FTM/ContentionR3         0 times
00:01:50.729 /PDM/CritSects/FTM/ContentionRZLock        0 times
00:01:50.729 /PDM/CritSects/FTM/ContentionRZUnlock        0 times
00:01:50.729 /PDM/CritSects/IOM Lock/ContentionR3        0 times
00:01:50.729 /PDM/CritSects/IOM Lock/ContentionRZLock        0 times
00:01:50.729 /PDM/CritSects/IOM Lock/ContentionRZUnlock        0 times
00:01:50.729 /PDM/CritSects/MM-HYPER/ContentionR3        0 times
00:01:50.729 /PDM/CritSects/MM-HYPER/ContentionRZLock        0 times
00:01:50.729 /PDM/CritSects/MM-HYPER/ContentionRZUnlock        0 times
00:01:50.729 /PDM/CritSects/NOP/ContentionR3         0 times
00:01:50.729 /PDM/CritSects/NOP/ContentionRZLock        0 times
00:01:50.729 /PDM/CritSects/NOP/ContentionRZUnlock        0 times
00:01:50.729 /PDM/CritSects/PDM/ContentionR3         0 times
00:01:50.729 /PDM/CritSects/PDM/ContentionRZLock       15 times
00:01:50.729 /PDM/CritSects/PDM/ContentionRZUnlock        1 times
00:01:50.729 /PDM/CritSects/PGM/ContentionR3         0 times
00:01:50.729 /PDM/CritSects/PGM/ContentionRZLock       83 times
00:01:50.729 /PDM/CritSects/PGM/ContentionRZUnlock        0 times
00:01:50.729 /PDM/CritSects/PS2KM#0/ContentionR3        0 times
00:01:50.729 /PDM/CritSects/PS2KM#0/ContentionRZLock        0 times
00:01:50.729 /PDM/CritSects/PS2KM#0/ContentionRZUnlock        0 times
00:01:50.729 /PDM/CritSects/REM-Register/ContentionR3        0 times
00:01:50.729 /PDM/CritSects/REM-Register/ContentionRZLock        0 times
00:01:50.729 /PDM/CritSects/REM-Register/ContentionRZUnlock        0 times
00:01:50.729 /PDM/CritSects/TM Timer Lock/ContentionR3        0 times
00:01:50.729 /PDM/CritSects/TM Timer Lock/ContentionRZLock        0 times
00:01:50.729 /PDM/CritSects/TM Timer Lock/ContentionRZUnlock        0 times
00:01:50.729 /PDM/CritSects/TM VirtualSync Lock/ContentionR3        0 times
00:01:50.729 /PDM/CritSects/TM VirtualSync Lock/ContentionRZLock        0 times
00:01:50.729 /PDM/CritSects/TM VirtualSync Lock/ContentionRZUnlock        0 times
00:01:50.729 /PDM/CritSects/VGA#u/ContentionR3        0 times
00:01:50.729 /PDM/CritSects/VGA#u/ContentionRZLock        0 times
00:01:50.729 /PDM/CritSects/VGA#u/ContentionRZUnlock        0 times
00:01:50.729 /PDM/CritSects/VMMDev#0 Auto/ContentionR3        0 times
00:01:50.729 /PDM/CritSects/VMMDev#0 Auto/ContentionRZLock        0 times
00:01:50.729 /PDM/CritSects/VMMDev#0 Auto/ContentionRZUnlock        0 times
00:01:50.729 /PDM/CritSects/VMMDev#u/ContentionR3        0 times
00:01:50.729 /PDM/CritSects/VMMDev#u/ContentionRZLock        0 times
00:01:50.729 /PDM/CritSects/VMMDev#u/ContentionRZUnlock        0 times
00:01:50.729 /PDM/CritSects/acpi0/ContentionR3        0 times
00:01:50.729 /PDM/CritSects/acpi0/ContentionRZLock        0 times
00:01:50.729 /PDM/CritSects/acpi0/ContentionRZUnlock        0 times
00:01:50.729 /PDM/CritSects/ahci#0 Auto/ContentionR3        0 times
00:01:50.729 /PDM/CritSects/ahci#0 Auto/ContentionRZLock        0 times
00:01:50.729 /PDM/CritSects/ahci#0 Auto/ContentionRZUnlock        0 times
00:01:50.729 /PDM/CritSects/e1000#0 Auto/ContentionR3        0 times
00:01:50.729 /PDM/CritSects/e1000#0 Auto/ContentionRZLock        0 times
00:01:50.729 /PDM/CritSects/e1000#0 Auto/ContentionRZUnlock        0 times
00:01:50.729 /PDM/CritSects/i8259#0 Auto/ContentionR3        0 times
00:01:50.729 /PDM/CritSects/i8259#0 Auto/ContentionRZLock        0 times
00:01:50.729 /PDM/CritSects/i8259#0 Auto/ContentionRZUnlock        0 times
00:01:50.729 /PDM/CritSects/ichac97#0 Auto/ContentionR3        0 times
00:01:50.729 /PDM/CritSects/ichac97#0 Auto/ContentionRZLock        0 times
00:01:50.729 /PDM/CritSects/ichac97#0 Auto/ContentionRZUnlock        0 times
00:01:50.729 /PDM/CritSects/ioapic#0 Auto/ContentionR3        0 times
00:01:50.729 /PDM/CritSects/ioapic#0 Auto/ContentionRZLock        0 times
00:01:50.729 /PDM/CritSects/ioapic#0 Auto/ContentionRZUnlock        0 times
00:01:50.729 /PDM/CritSects/mc146818#0 Auto/ContentionR3        0 times
00:01:50.729 /PDM/CritSects/mc146818#0 Auto/ContentionRZLock        0 times
00:01:50.729 /PDM/CritSects/mc146818#0 Auto/ContentionRZUnlock        0 times
00:01:50.729 /PDM/CritSects/pcarch#0 Auto/ContentionR3        0 times
00:01:50.729 /PDM/CritSects/pcarch#0 Auto/ContentionRZLock        0 times
00:01:50.729 /PDM/CritSects/pcarch#0 Auto/ContentionRZUnlock        0 times
00:01:50.729 /PDM/CritSects/pcbios#0 Auto/ContentionR3        0 times
00:01:50.729 /PDM/CritSects/pcbios#0 Auto/ContentionRZLock        0 times
00:01:50.729 /PDM/CritSects/pcbios#0 Auto/ContentionRZUnlock        0 times
00:01:50.729 /PDM/CritSects/pci#0 Auto/ContentionR3        0 times
00:01:50.729 /PDM/CritSects/pci#0 Auto/ContentionRZLock        0 times
00:01:50.729 /PDM/CritSects/pci#0 Auto/ContentionRZUnlock        0 times
00:01:50.729 /PDM/CritSects/pckbd#0 Auto/ContentionR3        0 times
00:01:50.729 /PDM/CritSects/pckbd#0 Auto/ContentionRZLock        0 times
00:01:50.729 /PDM/CritSects/pckbd#0 Auto/ContentionRZUnlock        0 times
00:01:50.729 /PDM/CritSects/piix3ide#0 Auto/ContentionR3        0 times
00:01:50.729 /PDM/CritSects/piix3ide#0 Auto/ContentionRZLock        0 times
00:01:50.729 /PDM/CritSects/piix3ide#0 Auto/ContentionRZUnlock        0 times
00:01:50.729 /PDM/CritSects/pit/ContentionR3         0 times
00:01:50.729 /PDM/CritSects/pit/ContentionRZLock        0 times
00:01:50.729 /PDM/CritSects/pit/ContentionRZUnlock        0 times
00:01:50.729 /PDM/CritSects/usb-ohci#0 Auto/ContentionR3        0 times
00:01:50.729 /PDM/CritSects/usb-ohci#0 Auto/ContentionRZLock        0 times
00:01:50.729 /PDM/CritSects/usb-ohci#0 Auto/ContentionRZUnlock        0 times
00:01:50.729 /PDM/CritSects/vga#0 Auto/ContentionR3        0 times
00:01:50.729 /PDM/CritSects/vga#0 Auto/ContentionRZLock        0 times
00:01:50.729 /PDM/CritSects/vga#0 Auto/ContentionRZUnlock        0 times
00:01:50.729 /PDM/Queue/AHCI-Xmit/AllocFailures        0 times
00:01:50.729 /PDM/Queue/AHCI-Xmit/Flush              0 calls
00:01:50.729 /PDM/Queue/AHCI-Xmit/FlushLeftovers        0 times
00:01:50.729 /PDM/Queue/AHCI-Xmit/Insert          7688 calls
00:01:50.729 /PDM/Queue/AHCI-Xmit/cItems            60 count
00:01:50.729 /PDM/Queue/AHCI-Xmit/cbItem            32 bytes
00:01:50.729 /PDM/Queue/DevHlp/AllocFailures         0 times
00:01:50.729 /PDM/Queue/DevHlp/Flush                 0 calls
00:01:50.729 /PDM/Queue/DevHlp/FlushLeftovers        0 times
00:01:50.729 /PDM/Queue/DevHlp/Insert                0 calls
00:01:50.729 /PDM/Queue/DevHlp/cItems                8 count
00:01:50.729 /PDM/Queue/DevHlp/cbItem               48 bytes
00:01:50.729 /PDM/Queue/E1000-Rcv/AllocFailures        0 times
00:01:50.729 /PDM/Queue/E1000-Rcv/Flush              0 calls
00:01:50.729 /PDM/Queue/E1000-Rcv/FlushLeftovers        0 times
00:01:50.729 /PDM/Queue/E1000-Rcv/Insert             7 calls
00:01:50.729 /PDM/Queue/E1000-Rcv/cItems             1 count
00:01:50.729 /PDM/Queue/E1000-Rcv/cbItem            24 bytes
00:01:50.729 /PDM/Queue/E1000-Xmit/AllocFailures        0 times
00:01:50.729 /PDM/Queue/E1000-Xmit/Flush             0 calls
00:01:50.729 /PDM/Queue/E1000-Xmit/FlushLeftovers        0 times
00:01:50.729 /PDM/Queue/E1000-Xmit/Insert           49 calls
00:01:50.729 /PDM/Queue/E1000-Xmit/cItems            1 count
00:01:50.729 /PDM/Queue/E1000-Xmit/cbItem           24 bytes
00:01:50.729 /PDM/Queue/Keyboard/AllocFailures        0 times
00:01:50.729 /PDM/Queue/Keyboard/Flush               0 calls
00:01:50.729 /PDM/Queue/Keyboard/FlushLeftovers        0 times
00:01:50.729 /PDM/Queue/Keyboard/Insert              2 calls
00:01:50.729 /PDM/Queue/Keyboard/cItems             64 count
00:01:50.729 /PDM/Queue/Keyboard/cbItem             32 bytes
00:01:50.729 /PDM/Queue/Mouse/AllocFailures          0 times
00:01:50.729 /PDM/Queue/Mouse/Flush                  0 calls
00:01:50.729 /PDM/Queue/Mouse/FlushLeftovers         0 times
00:01:50.729 /PDM/Queue/Mouse/Insert                 0 calls
00:01:50.729 /PDM/Queue/Mouse/cItems               128 count
00:01:50.729 /PDM/Queue/Mouse/cbItem                56 bytes
00:01:50.729 /PDM/Queue/Mouse_1/AllocFailures        0 times
00:01:50.729 /PDM/Queue/Mouse_1/Flush                0 calls
00:01:50.729 /PDM/Queue/Mouse_1/FlushLeftovers        0 times
00:01:50.729 /PDM/Queue/Mouse_1/Insert              85 calls
00:01:50.729 /PDM/Queue/Mouse_1/cItems             128 count
00:01:50.729 /PDM/Queue/Mouse_1/cbItem              56 bytes
00:01:50.729 /PGM/CPU0/cGuestModeChanges        649094 times
00:01:50.729 /PGM/ChunkR3Map/Mapped                265 count
00:01:50.729 /PGM/ChunkR3Map/Unmapped                0 count
00:01:50.729 /PGM/ChunkR3Map/c                     265 count
00:01:50.729 /PGM/ChunkR3Map/cMax             4294967295 count
00:01:50.729 /PGM/LargePage/Recheck                  0 times
00:01:50.729 /PGM/LargePage/Refused                  0 times
00:01:50.729 /PGM/LargePage/Reused                   0 times
00:01:50.729 /PGM/Page/cAllPages               1055815 count
00:01:50.729 /PGM/Page/cBalloonedPages               0 count
00:01:50.729 /PGM/Page/cHandyPages                  88 count
00:01:50.729 /PGM/Page/cLargePages                   0 count
00:01:50.729 /PGM/Page/cLargePagesDisabled           0 count
00:01:50.729 /PGM/Page/cMonitoredPages               0 count
00:01:50.729 /PGM/Page/cPrivatePages            142329 count
00:01:50.729 /PGM/Page/cPureMmioPages               37 count
00:01:50.729 /PGM/Page/cReadLockedPages              0 count
00:01:50.729 /PGM/Page/cReusedSharedPages            0 count
00:01:50.729 /PGM/Page/cSharedPages                  0 count
00:01:50.729 /PGM/Page/cWriteLockedPages             0 count
00:01:50.729 /PGM/Page/cWrittenToPages               0 count
00:01:50.729 /PGM/Page/cZeroPages               913449 count
00:01:50.729 /PGM/cRelocations                       0 times
00:01:50.729 /PROF/CPU0/EM/Capped                    0 ticks/call (           0 ticks,       0 times, max         0, min      -1)
00:01:50.729 /PROF/CPU0/EM/ForcedActions         51812 times
00:01:50.729 /PROF/CPU0/EM/Halted                 9619 times
00:01:50.729 /PROF/CPU0/EM/RAWTotal                  0 times
00:01:50.729 /PROF/CPU0/EM/REMTotal                  0 times
00:01:50.729 /PROF/CPU0/EM/Total              355611778767 ticks/call (355611778767 ticks,       1 times, max 355611778767, min 355611778767)
00:01:50.729 /PROF/VM/CPU0/Halt/Block          2216124 ns/call ( 90030071756 ticks,   40625 times, max   9040964, min       1)
00:01:50.729 /PROF/VM/CPU0/Halt/BlockInsomnia        0 ns/call (           0 ticks,       0 times, max         0, min      -1)
00:01:50.729 /PROF/VM/CPU0/Halt/BlockOnTime          0 ns/call (           0 ticks,       0 times, max         0, min      -1)
00:01:50.729 /PROF/VM/CPU0/Halt/BlockOverslept        0 ns/call (           0 ticks,       0 times, max         0, min      -1)
00:01:50.729 /PROF/VM/CPU0/Halt/Timers            4530 ns/call (   233690040 ticks,   51578 times, max    596892, min       2)
00:01:50.729 /PROF/VM/CPU0/Halt/Yield             3552 ns/call (       21315 ticks,       6 times, max      5709, min    2396)
00:01:50.729 /REM/TbFlushCount                       0 times
00:01:50.729 /REM/TbPhysInvldCount               11798 times
00:01:50.729 /REM/TlbFlushCount                  11615 times
00:01:50.729 /TM/CPU/00/cNsExecuting          10856838339 ns
00:01:50.729 /TM/CPU/00/cNsHalted             90292319181 ns
00:01:50.729 /TM/CPU/00/cNsOther              5803216911 ns
00:01:50.729 /TM/CPU/00/cNsTotal              106952374431 ns
00:01:50.729 /TM/CPU/00/cPeriodsExecuting      2617688 count
00:01:50.729 /TM/CPU/00/cPeriodsHalted            9609 count
00:01:50.729 /TM/CPU/00/pctExecuting                 0 %
00:01:50.729 /TM/CPU/00/pctHalted                   99 %
00:01:50.729 /TM/CPU/00/pctOther                     0 %
00:01:50.729 /TM/CPU/pctExecuting                    0 %
00:01:50.729 /TM/CPU/pctHalted                      99 %
00:01:50.729 /TM/CPU/pctOther                        0 %
00:01:50.729 /TM/MaxHzHint                        1066 Hz
00:01:50.729 /TM/R0/1nsSteps                      2685 times
00:01:50.729 /TM/R3/1nsSteps                      2764 times
00:01:50.729 /TM/TSC/offCPU0                         0 ticks
00:01:50.729 /TM/VirtualSync/CurrentOffset      519697 ns
00:01:50.729 /VUSB/0/cUrbsInPool                     1 count
00:01:50.729 ********************* End of statistics **********************
00:01:50.733 NAT: zone(nm:mbuf, used:1)
00:01:50.733 NAT: zone(nm:mbuf_cluster, used:0)
00:01:50.733 NAT: zone(nm:mbuf_packet, used:0)
00:01:50.733 NAT: zone(nm:mbuf_jumbo_pagesize, used:0)
00:01:50.733 NAT: zone(nm:mbuf_jumbo_9k, used:0)
00:01:50.733 NAT: zone(nm:mbuf_jumbo_16k, used:0)
00:01:50.740 Changing the VM state from 'DESTROYING' to 'TERMINATED'.
