X11.app: main(): argc=2
	argv[0] = /Applications/Utilities/XQuartz.app/Contents/MacOS/X11.bin
	argv[1] = --listenonly
Waiting for startup parameters via Mach IPC.
X11.app: Listening on socket for fd handoff:  (6) /var/tmp/tmp.0.PYSMKz
X11.app: Thread created for handoff.  Returning success to tell caller to connect and push the fd.
X11.app: do_start_x11_server(): argc=6
	argv[0] = /opt/X11/bin/Xquartz
	argv[1] = :0
	argv[2] = -nolisten
	argv[3] = tcp
	argv[4] = -auth
	argv[5] = /Users/gene/.serverauth.47654
X11.app Handing off fd to server thread via DarwinListenOnOpenFD(8)
DarwinListenOnOpenFD: 8
[4185092.392] Xquartz starting:
[4185092.392] X.Org X Server 1.15.2
[4185092.393] Build Date: 20140811
[4185092.396] Initializing built-in extension Generic Event Extension
[4185092.396] Initializing built-in extension SHAPE
[4185092.396] Initializing built-in extension MIT-SHM
[4185092.396] Initializing built-in extension XInputExtension
[4185092.396] Initializing built-in extension XTEST
[4185092.396] Initializing built-in extension BIG-REQUESTS
[4185092.396] Initializing built-in extension SYNC
[4185092.396] Initializing built-in extension XKEYBOARD
[4185092.396] Initializing built-in extension XC-MISC
[4185092.396] Initializing built-in extension SECURITY
[4185092.396] Initializing built-in extension XINERAMA
[4185092.396] Initializing built-in extension PseudoramiX
[4185092.396] Initializing built-in extension XFIXES
[4185092.396] Initializing built-in extension RENDER
[4185092.396] Initializing built-in extension RANDR
[4185092.396] Initializing built-in extension DAMAGE
[4185092.396] Initializing built-in extension MIT-SCREEN-SAVER
[4185092.396] Initializing built-in extension DOUBLE-BUFFER
[4185092.396] Initializing built-in extension RECORD
[4185092.396] Initializing built-in extension Present
[4185092.396] Initializing built-in extension X-Resource
[4185092.396] Initializing built-in extension XVideo
[4185092.396] Initializing built-in extension XVideo-MotionCompensation
[4185092.396] Initializing built-in extension GLX
[4185092.399] x: 1680, y: 22, w: 1680, h: 1028
[4185092.399] x: 0, y: 0, w: 1680, h: 1050
[4185092.438] (II) GLX: Initialized Core OpenGL GL provider for screen 0
[4185092.619] X11.app: DarwinProcessFDAdditionQueue_thread: Sleeping to allow xinitrc to catchup.
[4185092.673] (EE) Error loading keymap /tmp/server-0.xkm
[4185092.673] (EE) XKB: Failed to load keymap. Loading default keymap instead.
[4185094.038] noPseudoramiXExtension=0, pseudoramiXNumScreens=2
[4185095.620] Calling ListenOnOpenFD() for new fd: 8
[4185095.679] noPseudoramiXExtension=0, pseudoramiXNumScreens=2
